# JRE version: OpenJDK Runtime Environment GraalVM CE 22.3.0 (17.0.5+8) (build 17.0.5+8-jvmci-22.3-b08)
# Java VM: OpenJDK 64-Bit Server VM GraalVM CE 22.3.0 (17.0.5+8-jvmci-22.3-b08, mixed mode, sharing, tiered, jvmci, jvmci compiler, compressed oops, compressed class ptrs, parallel gc, linux-amd64)
GC Precious Log:
 CPUs: 8 total, 1 available
 Memory: 1024M
 Large Page Support: Disabled
 NUMA Support: Disabled
 Compressed Oops: Enabled (32-bit)
 Alignments: Space 512K, Generation 512K, Heap 2M
 Heap Min Capacity: 100M
 Heap Initial Capacity: 100M
 Heap Max Capacity: 512M
 Pre-touch: Disabled
 Parallel Workers: 1
Heap:
 PSYoungGen      total 26112K, used 19456K [0x00000000f5580000, 0x00000000f7780000, 0x0000000100000000)
  eden space 19456K, 100% used [0x00000000f5580000,0x00000000f6880000,0x00000000f6880000)
  from space 6656K, 0% used [0x00000000f7100000,0x00000000f7100000,0x00000000f7780000)
  to   space 8704K, 0% used [0x00000000f6880000,0x00000000f6880000,0x00000000f7100000)
 ParOldGen       total 349696K, used 349695K [0x00000000e0000000, 0x00000000f5580000, 0x00000000f5580000)
  object space 349696K, 99% used [0x00000000e0000000,0x00000000f557ffe8,0x00000000f5580000)
 Metaspace       used 59571K, committed 60864K, reserved 1105920K
  class space    used 5931K, committed 6464K, reserved 1048576K
GC Heap History (20 events):
Event: 1108.658 GC heap before
{Heap before GC invocations=972 (full 887):
 PSYoungGen      total 26112K, used 19456K [0x00000000f5580000, 0x00000000f7780000, 0x0000000100000000)
  eden space 19456K, 100% used [0x00000000f5580000,0x00000000f6880000,0x00000000f6880000)
  from space 6656K, 0% used [0x00000000f7100000,0x00000000f7100000,0x00000000f7780000)
  to   space 8704K, 0% used [0x00000000f6880000,0x00000000f6880000,0x00000000f7100000)
 ParOldGen       total 349696K, used 349696K [0x00000000e0000000, 0x00000000f5580000, 0x00000000f5580000)
  object space 349696K, 100% used [0x00000000e0000000,0x00000000f5580000,0x00000000f5580000)
 Metaspace       used 59571K, committed 60864K, reserved 1105920K
  class space    used 5931K, committed 6464K, reserved 1048576K
}
Event: 1109.921 GC heap after
{Heap after GC invocations=972 (full 887):
 PSYoungGen      total 28160K, used 19455K [0x00000000f5580000, 0x00000000f7780000, 0x0000000100000000)
  eden space 19456K, 99% used [0x00000000f5580000,0x00000000f687ffd0,0x00000000f6880000)
  from space 8704K, 0% used [0x00000000f6880000,0x00000000f6880000,0x00000000f7100000)
  to   space 6656K, 0% used [0x00000000f7100000,0x00000000f7100000,0x00000000f7780000)
 ParOldGen       total 349696K, used 349695K [0x00000000e0000000, 0x00000000f5580000, 0x00000000f5580000)
  object space 349696K, 99% used [0x00000000e0000000,0x00000000f557ff00,0x00000000f5580000)
 Metaspace       used 59571K, committed 60864K, reserved 1105920K
  class space    used 5931K, committed 6464K, reserved 1048576K
}
Event: 1109.922 GC heap before
{Heap before GC invocations=973 (full 888):
 PSYoungGen      total 28160K, used 19455K [0x00000000f5580000, 0x00000000f7780000, 0x0000000100000000)
  eden space 19456K, 99% used [0x00000000f5580000,0x00000000f687ffe8,0x00000000f6880000)
  from space 8704K, 0% used [0x00000000f6880000,0x00000000f6880000,0x00000000f7100000)
  to   space 6656K, 0% used [0x00000000f7100000,0x00000000f7100000,0x00000000f7780000)
 ParOldGen       total 349696K, used 349695K [0x00000000e0000000, 0x00000000f5580000, 0x00000000f5580000)
  object space 349696K, 99% used [0x00000000e0000000,0x00000000f557ff00,0x00000000f5580000)
 Metaspace       used 59571K, committed 60864K, reserved 1105920K
  class space    used 5931K, committed 6464K, reserved 1048576K
}
Event: 1111.026 GC heap after
{Heap after GC invocations=973 (full 888):
 PSYoungGen      total 26112K, used 19455K [0x00000000f5580000, 0x00000000f7780000, 0x0000000100000000)
  eden space 19456K, 99% used [0x00000000f5580000,0x00000000f687ffe8,0x00000000f6880000)
  from space 6656K, 0% used [0x00000000f7100000,0x00000000f7100000,0x00000000f7780000)
  to   space 8704K, 0% used [0x00000000f6880000,0x00000000f6880000,0x00000000f7100000)
 ParOldGen       total 349696K, used 349695K [0x00000000e0000000, 0x00000000f5580000, 0x00000000f5580000)
  object space 349696K, 99% used [0x00000000e0000000,0x00000000f557ff00,0x00000000f5580000)
 Metaspace       used 59571K, committed 60864K, reserved 1105920K
  class space    used 5931K, committed 6464K, reserved 1048576K
}
Event: 1111.027 GC heap before
{Heap before GC invocations=974 (full 889):
 PSYoungGen      total 26112K, used 19456K [0x00000000f5580000, 0x00000000f7780000, 0x0000000100000000)
  eden space 19456K, 100% used [0x00000000f5580000,0x00000000f6880000,0x00000000f6880000)
  from space 6656K, 0% used [0x00000000f7100000,0x00000000f7100000,0x00000000f7780000)
  to   space 8704K, 0% used [0x00000000f6880000,0x00000000f6880000,0x00000000f7100000)
 ParOldGen       total 349696K, used 349695K [0x00000000e0000000, 0x00000000f5580000, 0x00000000f5580000)
  object space 349696K, 99% used [0x00000000e0000000,0x00000000f557fff0,0x00000000f5580000)
 Metaspace       used 59571K, committed 60864K, reserved 1105920K
  class space    used 5931K, committed 6464K, reserved 1048576K
}
Event: 1112.113 GC heap after
{Heap after GC invocations=974 (full 889):
 PSYoungGen      total 28160K, used 19456K [0x00000000f5580000, 0x00000000f7780000, 0x0000000100000000)
  eden space 19456K, 100% used [0x00000000f5580000,0x00000000f6880000,0x00000000f6880000)
  from space 8704K, 0% used [0x00000000f6880000,0x00000000f6880000,0x00000000f7100000)
  to   space 6656K, 0% used [0x00000000f7100000,0x00000000f7100000,0x00000000f7780000)
 ParOldGen       total 349696K, used 349695K [0x00000000e0000000, 0x00000000f5580000, 0x00000000f5580000)
  object space 349696K, 99% used [0x00000000e0000000,0x00000000f557ff88,0x00000000f5580000)
 Metaspace       used 59571K, committed 60864K, reserved 1105920K
  class space    used 5931K, committed 6464K, reserved 1048576K
}
Event: 1112.113 GC heap before
{Heap before GC invocations=975 (full 890):
 PSYoungGen      total 28160K, used 19456K [0x00000000f5580000, 0x00000000f7780000, 0x0000000100000000)
  eden space 19456K, 100% used [0x00000000f5580000,0x00000000f6880000,0x00000000f6880000)
  from space 8704K, 0% used [0x00000000f6880000,0x00000000f6880000,0x00000000f7100000)
  to   space 6656K, 0% used [0x00000000f7100000,0x00000000f7100000,0x00000000f7780000)
 ParOldGen       total 349696K, used 349695K [0x00000000e0000000, 0x00000000f5580000, 0x00000000f5580000)
  object space 349696K, 99% used [0x00000000e0000000,0x00000000f557fff8,0x00000000f5580000)
 Metaspace       used 59571K, committed 60864K, reserved 1105920K
  class space    used 5931K, committed 6464K, reserved 1048576K
}
Event: 1113.251 GC heap after
{Heap after GC invocations=975 (full 890):
 PSYoungGen      total 26112K, used 19456K [0x00000000f5580000, 0x00000000f7780000, 0x0000000100000000)
  eden space 19456K, 100% used [0x00000000f5580000,0x00000000f6880000,0x00000000f6880000)
  from space 6656K, 0% used [0x00000000f7100000,0x00000000f7100000,0x00000000f7780000)
  to   space 8704K, 0% used [0x00000000f6880000,0x00000000f6880000,0x00000000f7100000)
 ParOldGen       total 349696K, used 349695K [0x00000000e0000000, 0x00000000f5580000, 0x00000000f5580000)
  object space 349696K, 99% used [0x00000000e0000000,0x00000000f557ffb0,0x00000000f5580000)
 Metaspace       used 59571K, committed 60864K, reserved 1105920K
  class space    used 5931K, committed 6464K, reserved 1048576K
}
Event: 1113.251 GC heap before
{Heap before GC invocations=976 (full 891):
 PSYoungGen      total 26112K, used 19456K [0x00000000f5580000, 0x00000000f7780000, 0x0000000100000000)
  eden space 19456K, 100% used [0x00000000f5580000,0x00000000f6880000,0x00000000f6880000)
  from space 6656K, 0% used [0x00000000f7100000,0x00000000f7100000,0x00000000f7780000)
  to   space 8704K, 0% used [0x00000000f6880000,0x00000000f6880000,0x00000000f7100000)
 ParOldGen       total 349696K, used 349695K [0x00000000e0000000, 0x00000000f5580000, 0x00000000f5580000)
  object space 349696K, 99% used [0x00000000e0000000,0x00000000f557ffd0,0x00000000f5580000)
 Metaspace       used 59571K, committed 60864K, reserved 1105920K
  class space    used 5931K, committed 6464K, reserved 1048576K
}
Event: 1114.331 GC heap after
{Heap after GC invocations=976 (full 891):
 PSYoungGen      total 28160K, used 19456K [0x00000000f5580000, 0x00000000f7780000, 0x0000000100000000)
  eden space 19456K, 100% used [0x00000000f5580000,0x00000000f6880000,0x00000000f6880000)
  from space 8704K, 0% used [0x00000000f6880000,0x00000000f6880000,0x00000000f7100000)
  to   space 6656K, 0% used [0x00000000f7100000,0x00000000f7100000,0x00000000f7780000)
 ParOldGen       total 349696K, used 349695K [0x00000000e0000000, 0x00000000f5580000, 0x00000000f5580000)
  object space 349696K, 99% used [0x00000000e0000000,0x00000000f557ffd0,0x00000000f5580000)
 Metaspace       used 59571K, committed 60864K, reserved 1105920K
  class space    used 5931K, committed 6464K, reserved 1048576K
}
Event: 1114.331 GC heap before
{Heap before GC invocations=977 (full 892):
 PSYoungGen      total 28160K, used 19456K [0x00000000f5580000, 0x00000000f7780000, 0x0000000100000000)
  eden space 19456K, 100% used [0x00000000f5580000,0x00000000f6880000,0x00000000f6880000)
  from space 8704K, 0% used [0x00000000f6880000,0x00000000f6880000,0x00000000f7100000)
  to   space 6656K, 0% used [0x00000000f7100000,0x00000000f7100000,0x00000000f7780000)
 ParOldGen       total 349696K, used 349695K [0x00000000e0000000, 0x00000000f5580000, 0x00000000f5580000)
  object space 349696K, 99% used [0x00000000e0000000,0x00000000f557ffd0,0x00000000f5580000)
 Metaspace       used 59571K, committed 60864K, reserved 1105920K
  class space    used 5931K, committed 6464K, reserved 1048576K
}
Event: 1115.445 GC heap after
{Heap after GC invocations=977 (full 892):
 PSYoungGen      total 26112K, used 19456K [0x00000000f5580000, 0x00000000f7780000, 0x0000000100000000)
  eden space 19456K, 100% used [0x00000000f5580000,0x00000000f6880000,0x00000000f6880000)
  from space 6656K, 0% used [0x00000000f7100000,0x00000000f7100000,0x00000000f7780000)
  to   space 8704K, 0% used [0x00000000f6880000,0x00000000f6880000,0x00000000f7100000)
 ParOldGen       total 349696K, used 349695K [0x00000000e0000000, 0x00000000f5580000, 0x00000000f5580000)
  object space 349696K, 99% used [0x00000000e0000000,0x00000000f557ffd0,0x00000000f5580000)
 Metaspace       used 59571K, committed 60864K, reserved 1105920K
  class space    used 5931K, committed 6464K, reserved 1048576K
}
Event: 1115.446 GC heap before
{Heap before GC invocations=978 (full 893):
 PSYoungGen      total 26112K, used 19456K [0x00000000f5580000, 0x00000000f7780000, 0x0000000100000000)
  eden space 19456K, 100% used [0x00000000f5580000,0x00000000f6880000,0x00000000f6880000)
  from space 6656K, 0% used [0x00000000f7100000,0x00000000f7100000,0x00000000f7780000)
  to   space 8704K, 0% used [0x00000000f6880000,0x00000000f6880000,0x00000000f7100000)
 ParOldGen       total 349696K, used 349695K [0x00000000e0000000, 0x00000000f5580000, 0x00000000f5580000)
  object space 349696K, 99% used [0x00000000e0000000,0x00000000f557fff0,0x00000000f5580000)
 Metaspace       used 59571K, committed 60864K, reserved 1105920K
  class space    used 5931K, committed 6464K, reserved 1048576K
}
Event: 1116.747 GC heap after
{Heap after GC invocations=978 (full 893):
 PSYoungGen      total 28160K, used 19456K [0x00000000f5580000, 0x00000000f7780000, 0x0000000100000000)
  eden space 19456K, 100% used [0x00000000f5580000,0x00000000f6880000,0x00000000f6880000)
  from space 8704K, 0% used [0x00000000f6880000,0x00000000f6880000,0x00000000f7100000)
  to   space 6656K, 0% used [0x00000000f7100000,0x00000000f7100000,0x00000000f7780000)
 ParOldGen       total 349696K, used 349694K [0x00000000e0000000, 0x00000000f5580000, 0x00000000f5580000)
  object space 349696K, 99% used [0x00000000e0000000,0x00000000f557fa50,0x00000000f5580000)
 Metaspace       used 59571K, committed 60864K, reserved 1105920K
  class space    used 5931K, committed 6464K, reserved 1048576K
}
Event: 1116.747 GC heap before
{Heap before GC invocations=979 (full 894):
 PSYoungGen      total 28160K, used 19456K [0x00000000f5580000, 0x00000000f7780000, 0x0000000100000000)
  eden space 19456K, 100% used [0x00000000f5580000,0x00000000f6880000,0x00000000f6880000)
  from space 8704K, 0% used [0x00000000f6880000,0x00000000f6880000,0x00000000f7100000)
  to   space 6656K, 0% used [0x00000000f7100000,0x00000000f7100000,0x00000000f7780000)
 ParOldGen       total 349696K, used 349695K [0x00000000e0000000, 0x00000000f5580000, 0x00000000f5580000)
  object space 349696K, 99% used [0x00000000e0000000,0x00000000f557fe28,0x00000000f5580000)
 Metaspace       used 59571K, committed 60864K, reserved 1105920K
  class space    used 5931K, committed 6464K, reserved 1048576K
}
Event: 1117.817 GC heap after
{Heap after GC invocations=979 (full 894):
 PSYoungGen      total 26112K, used 19456K [0x00000000f5580000, 0x00000000f7780000, 0x0000000100000000)
  eden space 19456K, 100% used [0x00000000f5580000,0x00000000f6880000,0x00000000f6880000)
  from space 6656K, 0% used [0x00000000f7100000,0x00000000f7100000,0x00000000f7780000)
  to   space 8704K, 0% used [0x00000000f6880000,0x00000000f6880000,0x00000000f7100000)
 ParOldGen       total 349696K, used 349694K [0x00000000e0000000, 0x00000000f5580000, 0x00000000f5580000)
  object space 349696K, 99% used [0x00000000e0000000,0x00000000f557fac8,0x00000000f5580000)
 Metaspace       used 59571K, committed 60864K, reserved 1105920K
  class space    used 5931K, committed 6464K, reserved 1048576K
}
Event: 1117.817 GC heap before
{Heap before GC invocations=980 (full 895):
 PSYoungGen      total 26112K, used 19456K [0x00000000f5580000, 0x00000000f7780000, 0x0000000100000000)
  eden space 19456K, 100% used [0x00000000f5580000,0x00000000f6880000,0x00000000f6880000)
  from space 6656K, 0% used [0x00000000f7100000,0x00000000f7100000,0x00000000f7780000)
  to   space 8704K, 0% used [0x00000000f6880000,0x00000000f6880000,0x00000000f7100000)
 ParOldGen       total 349696K, used 349694K [0x00000000e0000000, 0x00000000f5580000, 0x00000000f5580000)
  object space 349696K, 99% used [0x00000000e0000000,0x00000000f557fb48,0x00000000f5580000)
 Metaspace       used 59571K, committed 60864K, reserved 1105920K
  class space    used 5931K, committed 6464K, reserved 1048576K
}
Event: 1119.021 GC heap after
{Heap after GC invocations=980 (full 895):
 PSYoungGen      total 28160K, used 19456K [0x00000000f5580000, 0x00000000f7780000, 0x0000000100000000)
  eden space 19456K, 100% used [0x00000000f5580000,0x00000000f6880000,0x00000000f6880000)
  from space 8704K, 0% used [0x00000000f6880000,0x00000000f6880000,0x00000000f7100000)
  to   space 6656K, 0% used [0x00000000f7100000,0x00000000f7100000,0x00000000f7780000)
 ParOldGen       total 349696K, used 349694K [0x00000000e0000000, 0x00000000f5580000, 0x00000000f5580000)
  object space 349696K, 99% used [0x00000000e0000000,0x00000000f557fb28,0x00000000f5580000)
 Metaspace       used 59571K, committed 60864K, reserved 1105920K
  class space    used 5931K, committed 6464K, reserved 1048576K
}
Event: 1119.021 GC heap before
{Heap before GC invocations=981 (full 896):
 PSYoungGen      total 28160K, used 19456K [0x00000000f5580000, 0x00000000f7780000, 0x0000000100000000)
  eden space 19456K, 100% used [0x00000000f5580000,0x00000000f6880000,0x00000000f6880000)
  from space 8704K, 0% used [0x00000000f6880000,0x00000000f6880000,0x00000000f7100000)
  to   space 6656K, 0% used [0x00000000f7100000,0x00000000f7100000,0x00000000f7780000)
 ParOldGen       total 349696K, used 349694K [0x00000000e0000000, 0x00000000f5580000, 0x00000000f5580000)
  object space 349696K, 99% used [0x00000000e0000000,0x00000000f557fb28,0x00000000f5580000)
 Metaspace       used 59571K, committed 60864K, reserved 1105920K
  class space    used 5931K, committed 6464K, reserved 1048576K
}
Event: 1120.051 GC heap after
{Heap after GC invocations=981 (full 896):
 PSYoungGen      total 26112K, used 19456K [0x00000000f5580000, 0x00000000f7780000, 0x0000000100000000)
  eden space 19456K, 100% used [0x00000000f5580000,0x00000000f6880000,0x00000000f6880000)
  from space 6656K, 0% used [0x00000000f7100000,0x00000000f7100000,0x00000000f7780000)
  to   space 8704K, 0% used [0x00000000f6880000,0x00000000f6880000,0x00000000f7100000)
 ParOldGen       total 349696K, used 349694K [0x00000000e0000000, 0x00000000f5580000, 0x00000000f5580000)
  object space 349696K, 99% used [0x00000000e0000000,0x00000000f557fb28,0x00000000f5580000)
 Metaspace       used 59571K, committed 60864K, reserved 1105920K
  class space    used 5931K, committed 6464K, reserved 1048576K
}

