# JRE version: OpenJDK Runtime Environment GraalVM CE 22.3.0 (17.0.5+8) (build 17.0.5+8-jvmci-22.3-b08)
# Java VM: OpenJDK 64-Bit Server VM GraalVM CE 22.3.0 (17.0.5+8-jvmci-22.3-b08, mixed mode, sharing, tiered, jvmci, jvmci compiler, compressed oops, compressed class ptrs, parallel gc, linux-amd64)
GC Precious Log:
 CPUs: 8 total, 1 available
 Memory: 1024M
 Large Page Support: Disabled
 NUMA Support: Disabled
 Compressed Oops: Enabled (32-bit)
 Alignments: Space 512K, Generation 512K, Heap 2M
 Heap Min Capacity: 100M
 Heap Initial Capacity: 100M
 Heap Max Capacity: 512M
 Pre-touch: Disabled
 Parallel Workers: 1
Heap:
 PSYoungGen      total 82432K, used 62975K [0x00000000f5580000, 0x00000000fbb00000, 0x0000000100000000)
  eden space 62976K, 99% used [0x00000000f5580000,0x00000000f92fffe8,0x00000000f9300000)
  from space 19456K, 0% used [0x00000000f9300000,0x00000000f9300000,0x00000000fa600000)
  to   space 17408K, 0% used [0x00000000faa00000,0x00000000faa00000,0x00000000fbb00000)
 ParOldGen       total 349696K, used 349695K [0x00000000e0000000, 0x00000000f5580000, 0x00000000f5580000)
  object space 349696K, 99% used [0x00000000e0000000,0x00000000f557fff8,0x00000000f5580000)
 Metaspace       used 62649K, committed 63680K, reserved 1105920K
  class space    used 6132K, committed 6592K, reserved 1048576K
GC Heap History (20 events):
Event: 1842.025 GC heap before
{Heap before GC invocations=1001 (full 892):
 PSYoungGen      total 82432K, used 62975K [0x00000000f5580000, 0x00000000fbb00000, 0x0000000100000000)
  eden space 62976K, 99% used [0x00000000f5580000,0x00000000f92ffff8,0x00000000f9300000)
  from space 19456K, 0% used [0x00000000f9300000,0x00000000f9300000,0x00000000fa600000)
  to   space 17408K, 0% used [0x00000000faa00000,0x00000000faa00000,0x00000000fbb00000)
 ParOldGen       total 349696K, used 349695K [0x00000000e0000000, 0x00000000f5580000, 0x00000000f5580000)
  object space 349696K, 99% used [0x00000000e0000000,0x00000000f557ff70,0x00000000f5580000)
 Metaspace       used 62649K, committed 63680K, reserved 1105920K
  class space    used 6132K, committed 6592K, reserved 1048576K
}
Event: 1843.851 GC heap after
{Heap after GC invocations=1001 (full 892):
 PSYoungGen      total 80384K, used 62975K [0x00000000f5580000, 0x00000000fbb00000, 0x0000000100000000)
  eden space 62976K, 99% used [0x00000000f5580000,0x00000000f92fff90,0x00000000f9300000)
  from space 17408K, 0% used [0x00000000faa00000,0x00000000faa00000,0x00000000fbb00000)
  to   space 19456K, 0% used [0x00000000f9300000,0x00000000f9300000,0x00000000fa600000)
 ParOldGen       total 349696K, used 349695K [0x00000000e0000000, 0x00000000f5580000, 0x00000000f5580000)
  object space 349696K, 99% used [0x00000000e0000000,0x00000000f557ff70,0x00000000f5580000)
 Metaspace       used 62649K, committed 63680K, reserved 1105920K
  class space    used 6132K, committed 6592K, reserved 1048576K
}
Event: 1843.855 GC heap before
{Heap before GC invocations=1002 (full 893):
 PSYoungGen      total 80384K, used 62975K [0x00000000f5580000, 0x00000000fbb00000, 0x0000000100000000)
  eden space 62976K, 99% used [0x00000000f5580000,0x00000000f92ffff0,0x00000000f9300000)
  from space 17408K, 0% used [0x00000000faa00000,0x00000000faa00000,0x00000000fbb00000)
  to   space 19456K, 0% used [0x00000000f9300000,0x00000000f9300000,0x00000000fa600000)
 ParOldGen       total 349696K, used 349695K [0x00000000e0000000, 0x00000000f5580000, 0x00000000f5580000)
  object space 349696K, 99% used [0x00000000e0000000,0x00000000f557ff70,0x00000000f5580000)
 Metaspace       used 62649K, committed 63680K, reserved 1105920K
  class space    used 6132K, committed 6592K, reserved 1048576K
}
Event: 1845.650 GC heap after
{Heap after GC invocations=1002 (full 893):
 PSYoungGen      total 82432K, used 62975K [0x00000000f5580000, 0x00000000fbb00000, 0x0000000100000000)
  eden space 62976K, 99% used [0x00000000f5580000,0x00000000f92fffd0,0x00000000f9300000)
  from space 19456K, 0% used [0x00000000f9300000,0x00000000f9300000,0x00000000fa600000)
  to   space 17408K, 0% used [0x00000000faa00000,0x00000000faa00000,0x00000000fbb00000)
 ParOldGen       total 349696K, used 349695K [0x00000000e0000000, 0x00000000f5580000, 0x00000000f5580000)
  object space 349696K, 99% used [0x00000000e0000000,0x00000000f557ff50,0x00000000f5580000)
 Metaspace       used 62649K, committed 63680K, reserved 1105920K
  class space    used 6132K, committed 6592K, reserved 1048576K
}
Event: 1845.650 GC heap before
{Heap before GC invocations=1003 (full 894):
 PSYoungGen      total 82432K, used 62975K [0x00000000f5580000, 0x00000000fbb00000, 0x0000000100000000)
  eden space 62976K, 99% used [0x00000000f5580000,0x00000000f92ffff0,0x00000000f9300000)
  from space 19456K, 0% used [0x00000000f9300000,0x00000000f9300000,0x00000000fa600000)
  to   space 17408K, 0% used [0x00000000faa00000,0x00000000faa00000,0x00000000fbb00000)
 ParOldGen       total 349696K, used 349695K [0x00000000e0000000, 0x00000000f5580000, 0x00000000f5580000)
  object space 349696K, 99% used [0x00000000e0000000,0x00000000f557ff50,0x00000000f5580000)
 Metaspace       used 62649K, committed 63680K, reserved 1105920K
  class space    used 6132K, committed 6592K, reserved 1048576K
}
Event: 1847.377 GC heap after
{Heap after GC invocations=1003 (full 894):
 PSYoungGen      total 80384K, used 62975K [0x00000000f5580000, 0x00000000fbb00000, 0x0000000100000000)
  eden space 62976K, 99% used [0x00000000f5580000,0x00000000f92fffd0,0x00000000f9300000)
  from space 17408K, 0% used [0x00000000faa00000,0x00000000faa00000,0x00000000fbb00000)
  to   space 19456K, 0% used [0x00000000f9300000,0x00000000f9300000,0x00000000fa600000)
 ParOldGen       total 349696K, used 349695K [0x00000000e0000000, 0x00000000f5580000, 0x00000000f5580000)
  object space 349696K, 99% used [0x00000000e0000000,0x00000000f557ff50,0x00000000f5580000)
 Metaspace       used 62649K, committed 63680K, reserved 1105920K
  class space    used 6132K, committed 6592K, reserved 1048576K
}
Event: 1847.377 GC heap before
{Heap before GC invocations=1004 (full 895):
 PSYoungGen      total 80384K, used 62975K [0x00000000f5580000, 0x00000000fbb00000, 0x0000000100000000)
  eden space 62976K, 99% used [0x00000000f5580000,0x00000000f92ffff0,0x00000000f9300000)
  from space 17408K, 0% used [0x00000000faa00000,0x00000000faa00000,0x00000000fbb00000)
  to   space 19456K, 0% used [0x00000000f9300000,0x00000000f9300000,0x00000000fa600000)
 ParOldGen       total 349696K, used 349695K [0x00000000e0000000, 0x00000000f5580000, 0x00000000f5580000)
  object space 349696K, 99% used [0x00000000e0000000,0x00000000f557ff50,0x00000000f5580000)
 Metaspace       used 62649K, committed 63680K, reserved 1105920K
  class space    used 6132K, committed 6592K, reserved 1048576K
}
Event: 1849.332 GC heap after
{Heap after GC invocations=1004 (full 895):
 PSYoungGen      total 82432K, used 62975K [0x00000000f5580000, 0x00000000fbb00000, 0x0000000100000000)
  eden space 62976K, 99% used [0x00000000f5580000,0x00000000f92ffff0,0x00000000f9300000)
  from space 19456K, 0% used [0x00000000f9300000,0x00000000f9300000,0x00000000fa600000)
  to   space 17408K, 0% used [0x00000000faa00000,0x00000000faa00000,0x00000000fbb00000)
 ParOldGen       total 349696K, used 349695K [0x00000000e0000000, 0x00000000f5580000, 0x00000000f5580000)
  object space 349696K, 99% used [0x00000000e0000000,0x00000000f557ff50,0x00000000f5580000)
 Metaspace       used 62649K, committed 63680K, reserved 1105920K
  class space    used 6132K, committed 6592K, reserved 1048576K
}
Event: 1849.333 GC heap before
{Heap before GC invocations=1005 (full 896):
 PSYoungGen      total 82432K, used 62975K [0x00000000f5580000, 0x00000000fbb00000, 0x0000000100000000)
  eden space 62976K, 99% used [0x00000000f5580000,0x00000000f92ffff0,0x00000000f9300000)
  from space 19456K, 0% used [0x00000000f9300000,0x00000000f9300000,0x00000000fa600000)
  to   space 17408K, 0% used [0x00000000faa00000,0x00000000faa00000,0x00000000fbb00000)
 ParOldGen       total 349696K, used 349695K [0x00000000e0000000, 0x00000000f5580000, 0x00000000f5580000)
  object space 349696K, 99% used [0x00000000e0000000,0x00000000f557fff8,0x00000000f5580000)
 Metaspace       used 62649K, committed 63680K, reserved 1105920K
  class space    used 6132K, committed 6592K, reserved 1048576K
}
Event: 1851.014 GC heap after
{Heap after GC invocations=1005 (full 896):
 PSYoungGen      total 80384K, used 62975K [0x00000000f5580000, 0x00000000fbb00000, 0x0000000100000000)
  eden space 62976K, 99% used [0x00000000f5580000,0x00000000f92fffd8,0x00000000f9300000)
  from space 17408K, 0% used [0x00000000faa00000,0x00000000faa00000,0x00000000fbb00000)
  to   space 19456K, 0% used [0x00000000f9300000,0x00000000f9300000,0x00000000fa600000)
 ParOldGen       total 349696K, used 349695K [0x00000000e0000000, 0x00000000f5580000, 0x00000000f5580000)
  object space 349696K, 99% used [0x00000000e0000000,0x00000000f557fff8,0x00000000f5580000)
 Metaspace       used 62649K, committed 63680K, reserved 1105920K
  class space    used 6132K, committed 6592K, reserved 1048576K
}
Event: 1851.015 GC heap before
{Heap before GC invocations=1006 (full 897):
 PSYoungGen      total 80384K, used 62975K [0x00000000f5580000, 0x00000000fbb00000, 0x0000000100000000)
  eden space 62976K, 99% used [0x00000000f5580000,0x00000000f92ffff0,0x00000000f9300000)
  from space 17408K, 0% used [0x00000000faa00000,0x00000000faa00000,0x00000000fbb00000)
  to   space 19456K, 0% used [0x00000000f9300000,0x00000000f9300000,0x00000000fa600000)
 ParOldGen       total 349696K, used 349695K [0x00000000e0000000, 0x00000000f5580000, 0x00000000f5580000)
  object space 349696K, 99% used [0x00000000e0000000,0x00000000f557fff8,0x00000000f5580000)
 Metaspace       used 62649K, committed 63680K, reserved 1105920K
  class space    used 6132K, committed 6592K, reserved 1048576K
}
Event: 1852.654 GC heap after
{Heap after GC invocations=1006 (full 897):
 PSYoungGen      total 82432K, used 62975K [0x00000000f5580000, 0x00000000fbb00000, 0x0000000100000000)
  eden space 62976K, 99% used [0x00000000f5580000,0x00000000f92ffff0,0x00000000f9300000)
  from space 19456K, 0% used [0x00000000f9300000,0x00000000f9300000,0x00000000fa600000)
  to   space 17408K, 0% used [0x00000000faa00000,0x00000000faa00000,0x00000000fbb00000)
 ParOldGen       total 349696K, used 349695K [0x00000000e0000000, 0x00000000f5580000, 0x00000000f5580000)
  object space 349696K, 99% used [0x00000000e0000000,0x00000000f557fff8,0x00000000f5580000)
 Metaspace       used 62649K, committed 63680K, reserved 1105920K
  class space    used 6132K, committed 6592K, reserved 1048576K
}
Event: 1852.654 GC heap before
{Heap before GC invocations=1007 (full 898):
 PSYoungGen      total 82432K, used 62975K [0x00000000f5580000, 0x00000000fbb00000, 0x0000000100000000)
  eden space 62976K, 99% used [0x00000000f5580000,0x00000000f92ffff0,0x00000000f9300000)
  from space 19456K, 0% used [0x00000000f9300000,0x00000000f9300000,0x00000000fa600000)
  to   space 17408K, 0% used [0x00000000faa00000,0x00000000faa00000,0x00000000fbb00000)
 ParOldGen       total 349696K, used 349695K [0x00000000e0000000, 0x00000000f5580000, 0x00000000f5580000)
  object space 349696K, 99% used [0x00000000e0000000,0x00000000f557fff8,0x00000000f5580000)
 Metaspace       used 62649K, committed 63680K, reserved 1105920K
  class space    used 6132K, committed 6592K, reserved 1048576K
}
Event: 1854.425 GC heap after
{Heap after GC invocations=1007 (full 898):
 PSYoungGen      total 80384K, used 62975K [0x00000000f5580000, 0x00000000fbb00000, 0x0000000100000000)
  eden space 62976K, 99% used [0x00000000f5580000,0x00000000f92ffff0,0x00000000f9300000)
  from space 17408K, 0% used [0x00000000faa00000,0x00000000faa00000,0x00000000fbb00000)
  to   space 19456K, 0% used [0x00000000f9300000,0x00000000f9300000,0x00000000fa600000)
 ParOldGen       total 349696K, used 349695K [0x00000000e0000000, 0x00000000f5580000, 0x00000000f5580000)
  object space 349696K, 99% used [0x00000000e0000000,0x00000000f557fff8,0x00000000f5580000)
 Metaspace       used 62649K, committed 63680K, reserved 1105920K
  class space    used 6132K, committed 6592K, reserved 1048576K
}
Event: 1854.425 GC heap before
{Heap before GC invocations=1008 (full 899):
 PSYoungGen      total 80384K, used 62975K [0x00000000f5580000, 0x00000000fbb00000, 0x0000000100000000)
  eden space 62976K, 99% used [0x00000000f5580000,0x00000000f92ffff0,0x00000000f9300000)
  from space 17408K, 0% used [0x00000000faa00000,0x00000000faa00000,0x00000000fbb00000)
  to   space 19456K, 0% used [0x00000000f9300000,0x00000000f9300000,0x00000000fa600000)
 ParOldGen       total 349696K, used 349695K [0x00000000e0000000, 0x00000000f5580000, 0x00000000f5580000)
  object space 349696K, 99% used [0x00000000e0000000,0x00000000f557fff8,0x00000000f5580000)
 Metaspace       used 62649K, committed 63680K, reserved 1105920K
  class space    used 6132K, committed 6592K, reserved 1048576K
}
Event: 1855.949 GC heap after
{Heap after GC invocations=1008 (full 899):
 PSYoungGen      total 82432K, used 62975K [0x00000000f5580000, 0x00000000fbb00000, 0x0000000100000000)
  eden space 62976K, 99% used [0x00000000f5580000,0x00000000f92fffd0,0x00000000f9300000)
  from space 19456K, 0% used [0x00000000f9300000,0x00000000f9300000,0x00000000fa600000)
  to   space 17408K, 0% used [0x00000000faa00000,0x00000000faa00000,0x00000000fbb00000)
 ParOldGen       total 349696K, used 349695K [0x00000000e0000000, 0x00000000f5580000, 0x00000000f5580000)
  object space 349696K, 99% used [0x00000000e0000000,0x00000000f557fff8,0x00000000f5580000)
 Metaspace       used 62649K, committed 63680K, reserved 1105920K
  class space    used 6132K, committed 6592K, reserved 1048576K
}
Event: 1855.949 GC heap before
{Heap before GC invocations=1009 (full 900):
 PSYoungGen      total 82432K, used 62975K [0x00000000f5580000, 0x00000000fbb00000, 0x0000000100000000)
  eden space 62976K, 99% used [0x00000000f5580000,0x00000000f92fffe8,0x00000000f9300000)
  from space 19456K, 0% used [0x00000000f9300000,0x00000000f9300000,0x00000000fa600000)
  to   space 17408K, 0% used [0x00000000faa00000,0x00000000faa00000,0x00000000fbb00000)
 ParOldGen       total 349696K, used 349695K [0x00000000e0000000, 0x00000000f5580000, 0x00000000f5580000)
  object space 349696K, 99% used [0x00000000e0000000,0x00000000f557fff8,0x00000000f5580000)
 Metaspace       used 62649K, committed 63680K, reserved 1105920K
  class space    used 6132K, committed 6592K, reserved 1048576K
}
Event: 1857.649 GC heap after
{Heap after GC invocations=1009 (full 900):
 PSYoungGen      total 80384K, used 62975K [0x00000000f5580000, 0x00000000fbb00000, 0x0000000100000000)
  eden space 62976K, 99% used [0x00000000f5580000,0x00000000f92fffe8,0x00000000f9300000)
  from space 17408K, 0% used [0x00000000faa00000,0x00000000faa00000,0x00000000fbb00000)
  to   space 19456K, 0% used [0x00000000f9300000,0x00000000f9300000,0x00000000fa600000)
 ParOldGen       total 349696K, used 349695K [0x00000000e0000000, 0x00000000f5580000, 0x00000000f5580000)
  object space 349696K, 99% used [0x00000000e0000000,0x00000000f557fff8,0x00000000f5580000)
 Metaspace       used 62649K, committed 63680K, reserved 1105920K
  class space    used 6132K, committed 6592K, reserved 1048576K
}
Event: 1857.649 GC heap before
{Heap before GC invocations=1010 (full 901):
 PSYoungGen      total 80384K, used 62975K [0x00000000f5580000, 0x00000000fbb00000, 0x0000000100000000)
  eden space 62976K, 99% used [0x00000000f5580000,0x00000000f92fffe8,0x00000000f9300000)
  from space 17408K, 0% used [0x00000000faa00000,0x00000000faa00000,0x00000000fbb00000)
  to   space 19456K, 0% used [0x00000000f9300000,0x00000000f9300000,0x00000000fa600000)
 ParOldGen       total 349696K, used 349695K [0x00000000e0000000, 0x00000000f5580000, 0x00000000f5580000)
  object space 349696K, 99% used [0x00000000e0000000,0x00000000f557fff8,0x00000000f5580000)
 Metaspace       used 62649K, committed 63680K, reserved 1105920K
  class space    used 6132K, committed 6592K, reserved 1048576K
}
Event: 1859.217 GC heap after
{Heap after GC invocations=1010 (full 901):
 PSYoungGen      total 82432K, used 62975K [0x00000000f5580000, 0x00000000fbb00000, 0x0000000100000000)
  eden space 62976K, 99% used [0x00000000f5580000,0x00000000f92fffe8,0x00000000f9300000)
  from space 19456K, 0% used [0x00000000f9300000,0x00000000f9300000,0x00000000fa600000)
  to   space 17408K, 0% used [0x00000000faa00000,0x00000000faa00000,0x00000000fbb00000)
 ParOldGen       total 349696K, used 349695K [0x00000000e0000000, 0x00000000f5580000, 0x00000000f5580000)
  object space 349696K, 99% used [0x00000000e0000000,0x00000000f557fff8,0x00000000f5580000)
 Metaspace       used 62649K, committed 63680K, reserved 1105920K
  class space    used 6132K, committed 6592K, reserved 1048576K
}

