# JRE version: OpenJDK Runtime Environment GraalVM CE 22.3.0 (17.0.5+8) (build 17.0.5+8-jvmci-22.3-b08)
# Java VM: OpenJDK 64-Bit Server VM GraalVM CE 22.3.0 (17.0.5+8-jvmci-22.3-b08, mixed mode, sharing, tiered, jvmci, jvmci compiler, compressed oops, compressed class ptrs, parallel gc, linux-amd64)
GC Precious Log:
 CPUs: 8 total, 1 available
 Memory: 1024M
 Large Page Support: Disabled
 NUMA Support: Disabled
 Compressed Oops: Enabled (32-bit)
 Alignments: Space 512K, Generation 512K, Heap 2M
 Heap Min Capacity: 100M
 Heap Initial Capacity: 100M
 Heap Max Capacity: 512M
 Pre-touch: Disabled
 Parallel Workers: 1
Heap:
 PSYoungGen      total 69120K, used 52224K [0x00000000f5580000, 0x00000000fab00000, 0x0000000100000000)
  eden space 52224K, 100% used [0x00000000f5580000,0x00000000f8880000,0x00000000f8880000)
  from space 16896K, 0% used [0x00000000f8880000,0x00000000f8880000,0x00000000f9900000)
  to   space 12800K, 0% used [0x00000000f9c80000,0x00000000f9c80000,0x00000000fa900000)
 ParOldGen       total 349696K, used 349695K [0x00000000e0000000, 0x00000000f5580000, 0x00000000f5580000)
  object space 349696K, 99% used [0x00000000e0000000,0x00000000f557fff8,0x00000000f5580000)
 Metaspace       used 62239K, committed 63424K, reserved 1105920K
  class space    used 6143K, committed 6656K, reserved 1048576K
GC Heap History (20 events):
Event: 1659.572 GC heap before
{Heap before GC invocations=1377 (full 1234):
 PSYoungGen      total 69120K, used 52224K [0x00000000f5580000, 0x00000000fab00000, 0x0000000100000000)
  eden space 52224K, 100% used [0x00000000f5580000,0x00000000f8880000,0x00000000f8880000)
  from space 16896K, 0% used [0x00000000f8880000,0x00000000f8880000,0x00000000f9900000)
  to   space 12800K, 0% used [0x00000000f9c80000,0x00000000f9c80000,0x00000000fa900000)
 ParOldGen       total 349696K, used 349690K [0x00000000e0000000, 0x00000000f5580000, 0x00000000f5580000)
  object space 349696K, 99% used [0x00000000e0000000,0x00000000f557eac0,0x00000000f5580000)
 Metaspace       used 62239K, committed 63424K, reserved 1105920K
  class space    used 6143K, committed 6656K, reserved 1048576K
}
Event: 1660.716 GC heap after
{Heap after GC invocations=1377 (full 1234):
 PSYoungGen      total 65024K, used 52224K [0x00000000f5580000, 0x00000000fab00000, 0x0000000100000000)
  eden space 52224K, 100% used [0x00000000f5580000,0x00000000f8880000,0x00000000f8880000)
  from space 12800K, 0% used [0x00000000f9c80000,0x00000000f9c80000,0x00000000fa900000)
  to   space 16896K, 0% used [0x00000000f8880000,0x00000000f8880000,0x00000000f9900000)
 ParOldGen       total 349696K, used 349690K [0x00000000e0000000, 0x00000000f5580000, 0x00000000f5580000)
  object space 349696K, 99% used [0x00000000e0000000,0x00000000f557eac0,0x00000000f5580000)
 Metaspace       used 62239K, committed 63424K, reserved 1105920K
  class space    used 6143K, committed 6656K, reserved 1048576K
}
Event: 1660.717 GC heap before
{Heap before GC invocations=1378 (full 1235):
 PSYoungGen      total 65024K, used 52224K [0x00000000f5580000, 0x00000000fab00000, 0x0000000100000000)
  eden space 52224K, 100% used [0x00000000f5580000,0x00000000f8880000,0x00000000f8880000)
  from space 12800K, 0% used [0x00000000f9c80000,0x00000000f9c80000,0x00000000fa900000)
  to   space 16896K, 0% used [0x00000000f8880000,0x00000000f8880000,0x00000000f9900000)
 ParOldGen       total 349696K, used 349693K [0x00000000e0000000, 0x00000000f5580000, 0x00000000f5580000)
  object space 349696K, 99% used [0x00000000e0000000,0x00000000f557f6b8,0x00000000f5580000)
 Metaspace       used 62239K, committed 63424K, reserved 1105920K
  class space    used 6143K, committed 6656K, reserved 1048576K
}
Event: 1661.901 GC heap after
{Heap after GC invocations=1378 (full 1235):
 PSYoungGen      total 69120K, used 52223K [0x00000000f5580000, 0x00000000fab00000, 0x0000000100000000)
  eden space 52224K, 99% used [0x00000000f5580000,0x00000000f887ff80,0x00000000f8880000)
  from space 16896K, 0% used [0x00000000f8880000,0x00000000f8880000,0x00000000f9900000)
  to   space 12800K, 0% used [0x00000000f9c80000,0x00000000f9c80000,0x00000000fa900000)
 ParOldGen       total 349696K, used 349693K [0x00000000e0000000, 0x00000000f5580000, 0x00000000f5580000)
  object space 349696K, 99% used [0x00000000e0000000,0x00000000f557f618,0x00000000f5580000)
 Metaspace       used 62239K, committed 63424K, reserved 1105920K
  class space    used 6143K, committed 6656K, reserved 1048576K
}
Event: 1661.901 GC heap before
{Heap before GC invocations=1379 (full 1236):
 PSYoungGen      total 69120K, used 52223K [0x00000000f5580000, 0x00000000fab00000, 0x0000000100000000)
  eden space 52224K, 99% used [0x00000000f5580000,0x00000000f887ffe0,0x00000000f8880000)
  from space 16896K, 0% used [0x00000000f8880000,0x00000000f8880000,0x00000000f9900000)
  to   space 12800K, 0% used [0x00000000f9c80000,0x00000000f9c80000,0x00000000fa900000)
 ParOldGen       total 349696K, used 349693K [0x00000000e0000000, 0x00000000f5580000, 0x00000000f5580000)
  object space 349696K, 99% used [0x00000000e0000000,0x00000000f557f618,0x00000000f5580000)
 Metaspace       used 62239K, committed 63424K, reserved 1105920K
  class space    used 6143K, committed 6656K, reserved 1048576K
}
Event: 1663.086 GC heap after
{Heap after GC invocations=1379 (full 1236):
 PSYoungGen      total 65024K, used 52223K [0x00000000f5580000, 0x00000000fab00000, 0x0000000100000000)
  eden space 52224K, 99% used [0x00000000f5580000,0x00000000f887ffe0,0x00000000f8880000)
  from space 12800K, 0% used [0x00000000f9c80000,0x00000000f9c80000,0x00000000fa900000)
  to   space 16896K, 0% used [0x00000000f8880000,0x00000000f8880000,0x00000000f9900000)
 ParOldGen       total 349696K, used 349693K [0x00000000e0000000, 0x00000000f5580000, 0x00000000f5580000)
  object space 349696K, 99% used [0x00000000e0000000,0x00000000f557f618,0x00000000f5580000)
 Metaspace       used 62239K, committed 63424K, reserved 1105920K
  class space    used 6143K, committed 6656K, reserved 1048576K
}
Event: 1663.086 GC heap before
{Heap before GC invocations=1380 (full 1237):
 PSYoungGen      total 65024K, used 52223K [0x00000000f5580000, 0x00000000fab00000, 0x0000000100000000)
  eden space 52224K, 99% used [0x00000000f5580000,0x00000000f887fff8,0x00000000f8880000)
  from space 12800K, 0% used [0x00000000f9c80000,0x00000000f9c80000,0x00000000fa900000)
  to   space 16896K, 0% used [0x00000000f8880000,0x00000000f8880000,0x00000000f9900000)
 ParOldGen       total 349696K, used 349695K [0x00000000e0000000, 0x00000000f5580000, 0x00000000f5580000)
  object space 349696K, 99% used [0x00000000e0000000,0x00000000f557ffd8,0x00000000f5580000)
 Metaspace       used 62239K, committed 63424K, reserved 1105920K
  class space    used 6143K, committed 6656K, reserved 1048576K
}
Event: 1664.276 GC heap after
{Heap after GC invocations=1380 (full 1237):
 PSYoungGen      total 69120K, used 52223K [0x00000000f5580000, 0x00000000fab00000, 0x0000000100000000)
  eden space 52224K, 99% used [0x00000000f5580000,0x00000000f887ff80,0x00000000f8880000)
  from space 16896K, 0% used [0x00000000f8880000,0x00000000f8880000,0x00000000f9900000)
  to   space 12800K, 0% used [0x00000000f9c80000,0x00000000f9c80000,0x00000000fa900000)
 ParOldGen       total 349696K, used 349693K [0x00000000e0000000, 0x00000000f5580000, 0x00000000f5580000)
  object space 349696K, 99% used [0x00000000e0000000,0x00000000f557f4c0,0x00000000f5580000)
 Metaspace       used 62239K, committed 63424K, reserved 1105920K
  class space    used 6143K, committed 6656K, reserved 1048576K
}
Event: 1664.276 GC heap before
{Heap before GC invocations=1381 (full 1238):
 PSYoungGen      total 69120K, used 52223K [0x00000000f5580000, 0x00000000fab00000, 0x0000000100000000)
  eden space 52224K, 99% used [0x00000000f5580000,0x00000000f887fff0,0x00000000f8880000)
  from space 16896K, 0% used [0x00000000f8880000,0x00000000f8880000,0x00000000f9900000)
  to   space 12800K, 0% used [0x00000000f9c80000,0x00000000f9c80000,0x00000000fa900000)
 ParOldGen       total 349696K, used 349693K [0x00000000e0000000, 0x00000000f5580000, 0x00000000f5580000)
  object space 349696K, 99% used [0x00000000e0000000,0x00000000f557f4c0,0x00000000f5580000)
 Metaspace       used 62239K, committed 63424K, reserved 1105920K
  class space    used 6143K, committed 6656K, reserved 1048576K
}
Event: 1665.388 GC heap after
{Heap after GC invocations=1381 (full 1238):
 PSYoungGen      total 65024K, used 52223K [0x00000000f5580000, 0x00000000fab00000, 0x0000000100000000)
  eden space 52224K, 99% used [0x00000000f5580000,0x00000000f887fff0,0x00000000f8880000)
  from space 12800K, 0% used [0x00000000f9c80000,0x00000000f9c80000,0x00000000fa900000)
  to   space 16896K, 0% used [0x00000000f8880000,0x00000000f8880000,0x00000000f9900000)
 ParOldGen       total 349696K, used 349693K [0x00000000e0000000, 0x00000000f5580000, 0x00000000f5580000)
  object space 349696K, 99% used [0x00000000e0000000,0x00000000f557f4c0,0x00000000f5580000)
 Metaspace       used 62239K, committed 63424K, reserved 1105920K
  class space    used 6143K, committed 6656K, reserved 1048576K
}
Event: 1665.388 GC heap before
{Heap before GC invocations=1382 (full 1239):
 PSYoungGen      total 65024K, used 52223K [0x00000000f5580000, 0x00000000fab00000, 0x0000000100000000)
  eden space 52224K, 99% used [0x00000000f5580000,0x00000000f887fff0,0x00000000f8880000)
  from space 12800K, 0% used [0x00000000f9c80000,0x00000000f9c80000,0x00000000fa900000)
  to   space 16896K, 0% used [0x00000000f8880000,0x00000000f8880000,0x00000000f9900000)
 ParOldGen       total 349696K, used 349693K [0x00000000e0000000, 0x00000000f5580000, 0x00000000f5580000)
  object space 349696K, 99% used [0x00000000e0000000,0x00000000f557f7b0,0x00000000f5580000)
 Metaspace       used 62239K, committed 63424K, reserved 1105920K
  class space    used 6143K, committed 6656K, reserved 1048576K
}
Event: 1666.580 GC heap after
{Heap after GC invocations=1382 (full 1239):
 PSYoungGen      total 69120K, used 52223K [0x00000000f5580000, 0x00000000fab00000, 0x0000000100000000)
  eden space 52224K, 99% used [0x00000000f5580000,0x00000000f887fff0,0x00000000f8880000)
  from space 16896K, 0% used [0x00000000f8880000,0x00000000f8880000,0x00000000f9900000)
  to   space 12800K, 0% used [0x00000000f9c80000,0x00000000f9c80000,0x00000000fa900000)
 ParOldGen       total 349696K, used 349693K [0x00000000e0000000, 0x00000000f5580000, 0x00000000f5580000)
  object space 349696K, 99% used [0x00000000e0000000,0x00000000f557f720,0x00000000f5580000)
 Metaspace       used 62239K, committed 63424K, reserved 1105920K
  class space    used 6143K, committed 6656K, reserved 1048576K
}
Event: 1666.580 GC heap before
{Heap before GC invocations=1383 (full 1240):
 PSYoungGen      total 69120K, used 52223K [0x00000000f5580000, 0x00000000fab00000, 0x0000000100000000)
  eden space 52224K, 99% used [0x00000000f5580000,0x00000000f887fff0,0x00000000f8880000)
  from space 16896K, 0% used [0x00000000f8880000,0x00000000f8880000,0x00000000f9900000)
  to   space 12800K, 0% used [0x00000000f9c80000,0x00000000f9c80000,0x00000000fa900000)
 ParOldGen       total 349696K, used 349693K [0x00000000e0000000, 0x00000000f5580000, 0x00000000f5580000)
  object space 349696K, 99% used [0x00000000e0000000,0x00000000f557f720,0x00000000f5580000)
 Metaspace       used 62239K, committed 63424K, reserved 1105920K
  class space    used 6143K, committed 6656K, reserved 1048576K
}
Event: 1667.773 GC heap after
{Heap after GC invocations=1383 (full 1240):
 PSYoungGen      total 65024K, used 52223K [0x00000000f5580000, 0x00000000fab00000, 0x0000000100000000)
  eden space 52224K, 99% used [0x00000000f5580000,0x00000000f887fff0,0x00000000f8880000)
  from space 12800K, 0% used [0x00000000f9c80000,0x00000000f9c80000,0x00000000fa900000)
  to   space 16896K, 0% used [0x00000000f8880000,0x00000000f8880000,0x00000000f9900000)
 ParOldGen       total 349696K, used 349693K [0x00000000e0000000, 0x00000000f5580000, 0x00000000f5580000)
  object space 349696K, 99% used [0x00000000e0000000,0x00000000f557f6c8,0x00000000f5580000)
 Metaspace       used 62239K, committed 63424K, reserved 1105920K
  class space    used 6143K, committed 6656K, reserved 1048576K
}
Event: 1667.773 GC heap before
{Heap before GC invocations=1384 (full 1241):
 PSYoungGen      total 65024K, used 52224K [0x00000000f5580000, 0x00000000fab00000, 0x0000000100000000)
  eden space 52224K, 100% used [0x00000000f5580000,0x00000000f8880000,0x00000000f8880000)
  from space 12800K, 0% used [0x00000000f9c80000,0x00000000f9c80000,0x00000000fa900000)
  to   space 16896K, 0% used [0x00000000f8880000,0x00000000f8880000,0x00000000f9900000)
 ParOldGen       total 349696K, used 349695K [0x00000000e0000000, 0x00000000f5580000, 0x00000000f5580000)
  object space 349696K, 99% used [0x00000000e0000000,0x00000000f557fff8,0x00000000f5580000)
 Metaspace       used 62239K, committed 63424K, reserved 1105920K
  class space    used 6143K, committed 6656K, reserved 1048576K
}
Event: 1668.891 GC heap after
{Heap after GC invocations=1384 (full 1241):
 PSYoungGen      total 69120K, used 52223K [0x00000000f5580000, 0x00000000fab00000, 0x0000000100000000)
  eden space 52224K, 99% used [0x00000000f5580000,0x00000000f887fce8,0x00000000f8880000)
  from space 16896K, 0% used [0x00000000f8880000,0x00000000f8880000,0x00000000f9900000)
  to   space 12800K, 0% used [0x00000000f9c80000,0x00000000f9c80000,0x00000000fa900000)
 ParOldGen       total 349696K, used 349695K [0x00000000e0000000, 0x00000000f5580000, 0x00000000f5580000)
  object space 349696K, 99% used [0x00000000e0000000,0x00000000f557fff8,0x00000000f5580000)
 Metaspace       used 62239K, committed 63424K, reserved 1105920K
  class space    used 6143K, committed 6656K, reserved 1048576K
}
Event: 1668.892 GC heap before
{Heap before GC invocations=1385 (full 1242):
 PSYoungGen      total 69120K, used 52223K [0x00000000f5580000, 0x00000000fab00000, 0x0000000100000000)
  eden space 52224K, 99% used [0x00000000f5580000,0x00000000f887fe88,0x00000000f8880000)
  from space 16896K, 0% used [0x00000000f8880000,0x00000000f8880000,0x00000000f9900000)
  to   space 12800K, 0% used [0x00000000f9c80000,0x00000000f9c80000,0x00000000fa900000)
 ParOldGen       total 349696K, used 349695K [0x00000000e0000000, 0x00000000f5580000, 0x00000000f5580000)
  object space 349696K, 99% used [0x00000000e0000000,0x00000000f557fff8,0x00000000f5580000)
 Metaspace       used 62239K, committed 63424K, reserved 1105920K
  class space    used 6143K, committed 6656K, reserved 1048576K
}
Event: 1670.006 GC heap after
{Heap after GC invocations=1385 (full 1242):
 PSYoungGen      total 65024K, used 52223K [0x00000000f5580000, 0x00000000fab00000, 0x0000000100000000)
  eden space 52224K, 99% used [0x00000000f5580000,0x00000000f887fce8,0x00000000f8880000)
  from space 12800K, 0% used [0x00000000f9c80000,0x00000000f9c80000,0x00000000fa900000)
  to   space 16896K, 0% used [0x00000000f8880000,0x00000000f8880000,0x00000000f9900000)
 ParOldGen       total 349696K, used 349695K [0x00000000e0000000, 0x00000000f5580000, 0x00000000f5580000)
  object space 349696K, 99% used [0x00000000e0000000,0x00000000f557fff8,0x00000000f5580000)
 Metaspace       used 62239K, committed 63424K, reserved 1105920K
  class space    used 6143K, committed 6656K, reserved 1048576K
}
Event: 1670.006 GC heap before
{Heap before GC invocations=1386 (full 1243):
 PSYoungGen      total 65024K, used 52223K [0x00000000f5580000, 0x00000000fab00000, 0x0000000100000000)
  eden space 52224K, 99% used [0x00000000f5580000,0x00000000f887fce8,0x00000000f8880000)
  from space 12800K, 0% used [0x00000000f9c80000,0x00000000f9c80000,0x00000000fa900000)
  to   space 16896K, 0% used [0x00000000f8880000,0x00000000f8880000,0x00000000f9900000)
 ParOldGen       total 349696K, used 349695K [0x00000000e0000000, 0x00000000f5580000, 0x00000000f5580000)
  object space 349696K, 99% used [0x00000000e0000000,0x00000000f557fff8,0x00000000f5580000)
 Metaspace       used 62239K, committed 63424K, reserved 1105920K
  class space    used 6143K, committed 6656K, reserved 1048576K
}
Event: 1671.378 GC heap after
{Heap after GC invocations=1386 (full 1243):
 PSYoungGen      total 69120K, used 52223K [0x00000000f5580000, 0x00000000fab00000, 0x0000000100000000)
  eden space 52224K, 99% used [0x00000000f5580000,0x00000000f887fce8,0x00000000f8880000)
  from space 16896K, 0% used [0x00000000f8880000,0x00000000f8880000,0x00000000f9900000)
  to   space 12800K, 0% used [0x00000000f9c80000,0x00000000f9c80000,0x00000000fa900000)
 ParOldGen       total 349696K, used 349695K [0x00000000e0000000, 0x00000000f5580000, 0x00000000f5580000)
  object space 349696K, 99% used [0x00000000e0000000,0x00000000f557fff8,0x00000000f5580000)
 Metaspace       used 62239K, committed 63424K, reserved 1105920K
  class space    used 6143K, committed 6656K, reserved 1048576K
}

