# JRE version: OpenJDK Runtime Environment GraalVM CE 22.3.0 (17.0.5+8) (build 17.0.5+8-jvmci-22.3-b08)
# Java VM: OpenJDK 64-Bit Server VM GraalVM CE 22.3.0 (17.0.5+8-jvmci-22.3-b08, mixed mode, sharing, tiered, jvmci, jvmci compiler, compressed oops, compressed class ptrs, parallel gc, linux-amd64)
GC Precious Log:
 CPUs: 8 total, 1 available
 Memory: 1024M
 Large Page Support: Disabled
 NUMA Support: Disabled
 Compressed Oops: Enabled (32-bit)
 Alignments: Space 512K, Generation 512K, Heap 2M
 Heap Min Capacity: 100M
 Heap Initial Capacity: 100M
 Heap Max Capacity: 512M
 Pre-touch: Disabled
 Parallel Workers: 1
Heap:
 PSYoungGen      total 74240K, used 43519K [0x00000000f5580000, 0x00000000fbe00000, 0x0000000100000000)
  eden space 43520K, 99% used [0x00000000f5580000,0x00000000f7fffff8,0x00000000f8000000)
  from space 30720K, 0% used [0x00000000fa000000,0x00000000fa000000,0x00000000fbe00000)
  to   space 16384K, 0% used [0x00000000f8000000,0x00000000f8000000,0x00000000f9000000)
 ParOldGen       total 349696K, used 349696K [0x00000000e0000000, 0x00000000f5580000, 0x00000000f5580000)
  object space 349696K, 100% used [0x00000000e0000000,0x00000000f5580000,0x00000000f5580000)
 Metaspace       used 61177K, committed 62208K, reserved 1105920K
  class space    used 5986K, committed 6464K, reserved 1048576K
GC Heap History (20 events):
Event: 792.337 GC heap before
{Heap before GC invocations=576 (full 484):
 PSYoungGen      total 74240K, used 43519K [0x00000000f5580000, 0x00000000fbe00000, 0x0000000100000000)
  eden space 43520K, 99% used [0x00000000f5580000,0x00000000f7fffff8,0x00000000f8000000)
  from space 30720K, 0% used [0x00000000fa000000,0x00000000fa000000,0x00000000fbe00000)
  to   space 16384K, 0% used [0x00000000f8000000,0x00000000f8000000,0x00000000f9000000)
 ParOldGen       total 349696K, used 349695K [0x00000000e0000000, 0x00000000f5580000, 0x00000000f5580000)
  object space 349696K, 99% used [0x00000000e0000000,0x00000000f557fe50,0x00000000f5580000)
 Metaspace       used 61177K, committed 62208K, reserved 1105920K
  class space    used 5986K, committed 6464K, reserved 1048576K
}
Event: 793.728 GC heap after
{Heap after GC invocations=576 (full 484):
 PSYoungGen      total 59904K, used 43519K [0x00000000f5580000, 0x00000000fbe00000, 0x0000000100000000)
  eden space 43520K, 99% used [0x00000000f5580000,0x00000000f7ffffe8,0x00000000f8000000)
  from space 16384K, 0% used [0x00000000f8000000,0x00000000f8000000,0x00000000f9000000)
  to   space 30720K, 0% used [0x00000000fa000000,0x00000000fa000000,0x00000000fbe00000)
 ParOldGen       total 349696K, used 349695K [0x00000000e0000000, 0x00000000f5580000, 0x00000000f5580000)
  object space 349696K, 99% used [0x00000000e0000000,0x00000000f557fc80,0x00000000f5580000)
 Metaspace       used 61177K, committed 62208K, reserved 1105920K
  class space    used 5986K, committed 6464K, reserved 1048576K
}
Event: 793.728 GC heap before
{Heap before GC invocations=577 (full 485):
 PSYoungGen      total 59904K, used 43519K [0x00000000f5580000, 0x00000000fbe00000, 0x0000000100000000)
  eden space 43520K, 99% used [0x00000000f5580000,0x00000000f7fffff8,0x00000000f8000000)
  from space 16384K, 0% used [0x00000000f8000000,0x00000000f8000000,0x00000000f9000000)
  to   space 30720K, 0% used [0x00000000fa000000,0x00000000fa000000,0x00000000fbe00000)
 ParOldGen       total 349696K, used 349695K [0x00000000e0000000, 0x00000000f5580000, 0x00000000f5580000)
  object space 349696K, 99% used [0x00000000e0000000,0x00000000f557fc80,0x00000000f5580000)
 Metaspace       used 61177K, committed 62208K, reserved 1105920K
  class space    used 5986K, committed 6464K, reserved 1048576K
}
Event: 795.061 GC heap after
{Heap after GC invocations=577 (full 485):
 PSYoungGen      total 74240K, used 43519K [0x00000000f5580000, 0x00000000fbe00000, 0x0000000100000000)
  eden space 43520K, 99% used [0x00000000f5580000,0x00000000f7ffffe8,0x00000000f8000000)
  from space 30720K, 0% used [0x00000000fa000000,0x00000000fa000000,0x00000000fbe00000)
  to   space 16384K, 0% used [0x00000000f8000000,0x00000000f8000000,0x00000000f9000000)
 ParOldGen       total 349696K, used 349695K [0x00000000e0000000, 0x00000000f5580000, 0x00000000f5580000)
  object space 349696K, 99% used [0x00000000e0000000,0x00000000f557fc60,0x00000000f5580000)
 Metaspace       used 61177K, committed 62208K, reserved 1105920K
  class space    used 5986K, committed 6464K, reserved 1048576K
}
Event: 795.062 GC heap before
{Heap before GC invocations=578 (full 486):
 PSYoungGen      total 74240K, used 43519K [0x00000000f5580000, 0x00000000fbe00000, 0x0000000100000000)
  eden space 43520K, 99% used [0x00000000f5580000,0x00000000f7fffff8,0x00000000f8000000)
  from space 30720K, 0% used [0x00000000fa000000,0x00000000fa000000,0x00000000fbe00000)
  to   space 16384K, 0% used [0x00000000f8000000,0x00000000f8000000,0x00000000f9000000)
 ParOldGen       total 349696K, used 349695K [0x00000000e0000000, 0x00000000f5580000, 0x00000000f5580000)
  object space 349696K, 99% used [0x00000000e0000000,0x00000000f557fc60,0x00000000f5580000)
 Metaspace       used 61177K, committed 62208K, reserved 1105920K
  class space    used 5986K, committed 6464K, reserved 1048576K
}
Event: 796.533 GC heap after
{Heap after GC invocations=578 (full 486):
 PSYoungGen      total 59904K, used 43519K [0x00000000f5580000, 0x00000000fbe00000, 0x0000000100000000)
  eden space 43520K, 99% used [0x00000000f5580000,0x00000000f7ffffc8,0x00000000f8000000)
  from space 16384K, 0% used [0x00000000f8000000,0x00000000f8000000,0x00000000f9000000)
  to   space 30720K, 0% used [0x00000000fa000000,0x00000000fa000000,0x00000000fbe00000)
 ParOldGen       total 349696K, used 349695K [0x00000000e0000000, 0x00000000f5580000, 0x00000000f5580000)
  object space 349696K, 99% used [0x00000000e0000000,0x00000000f557fc60,0x00000000f5580000)
 Metaspace       used 61177K, committed 62208K, reserved 1105920K
  class space    used 5986K, committed 6464K, reserved 1048576K
}
Event: 796.534 GC heap before
{Heap before GC invocations=579 (full 487):
 PSYoungGen      total 59904K, used 43519K [0x00000000f5580000, 0x00000000fbe00000, 0x0000000100000000)
  eden space 43520K, 99% used [0x00000000f5580000,0x00000000f7fffff8,0x00000000f8000000)
  from space 16384K, 0% used [0x00000000f8000000,0x00000000f8000000,0x00000000f9000000)
  to   space 30720K, 0% used [0x00000000fa000000,0x00000000fa000000,0x00000000fbe00000)
 ParOldGen       total 349696K, used 349695K [0x00000000e0000000, 0x00000000f5580000, 0x00000000f5580000)
  object space 349696K, 99% used [0x00000000e0000000,0x00000000f557fc60,0x00000000f5580000)
 Metaspace       used 61177K, committed 62208K, reserved 1105920K
  class space    used 5986K, committed 6464K, reserved 1048576K
}
Event: 797.968 GC heap after
{Heap after GC invocations=579 (full 487):
 PSYoungGen      total 74240K, used 43519K [0x00000000f5580000, 0x00000000fbe00000, 0x0000000100000000)
  eden space 43520K, 99% used [0x00000000f5580000,0x00000000f7ffffc8,0x00000000f8000000)
  from space 30720K, 0% used [0x00000000fa000000,0x00000000fa000000,0x00000000fbe00000)
  to   space 16384K, 0% used [0x00000000f8000000,0x00000000f8000000,0x00000000f9000000)
 ParOldGen       total 349696K, used 349695K [0x00000000e0000000, 0x00000000f5580000, 0x00000000f5580000)
  object space 349696K, 99% used [0x00000000e0000000,0x00000000f557fc60,0x00000000f5580000)
 Metaspace       used 61177K, committed 62208K, reserved 1105920K
  class space    used 5986K, committed 6464K, reserved 1048576K
}
Event: 797.968 GC heap before
{Heap before GC invocations=580 (full 488):
 PSYoungGen      total 74240K, used 43519K [0x00000000f5580000, 0x00000000fbe00000, 0x0000000100000000)
  eden space 43520K, 99% used [0x00000000f5580000,0x00000000f7fffff8,0x00000000f8000000)
  from space 30720K, 0% used [0x00000000fa000000,0x00000000fa000000,0x00000000fbe00000)
  to   space 16384K, 0% used [0x00000000f8000000,0x00000000f8000000,0x00000000f9000000)
 ParOldGen       total 349696K, used 349695K [0x00000000e0000000, 0x00000000f5580000, 0x00000000f5580000)
  object space 349696K, 99% used [0x00000000e0000000,0x00000000f557fff8,0x00000000f5580000)
 Metaspace       used 61177K, committed 62208K, reserved 1105920K
  class space    used 5986K, committed 6464K, reserved 1048576K
}
Event: 799.551 GC heap after
{Heap after GC invocations=580 (full 488):
 PSYoungGen      total 59904K, used 43519K [0x00000000f5580000, 0x00000000fbe00000, 0x0000000100000000)
  eden space 43520K, 99% used [0x00000000f5580000,0x00000000f7ffffe0,0x00000000f8000000)
  from space 16384K, 0% used [0x00000000f8000000,0x00000000f8000000,0x00000000f9000000)
  to   space 30720K, 0% used [0x00000000fa000000,0x00000000fa000000,0x00000000fbe00000)
 ParOldGen       total 349696K, used 349695K [0x00000000e0000000, 0x00000000f5580000, 0x00000000f5580000)
  object space 349696K, 99% used [0x00000000e0000000,0x00000000f557ff18,0x00000000f5580000)
 Metaspace       used 61177K, committed 62208K, reserved 1105920K
  class space    used 5986K, committed 6464K, reserved 1048576K
}
Event: 799.551 GC heap before
{Heap before GC invocations=581 (full 489):
 PSYoungGen      total 59904K, used 43519K [0x00000000f5580000, 0x00000000fbe00000, 0x0000000100000000)
  eden space 43520K, 99% used [0x00000000f5580000,0x00000000f7fffff8,0x00000000f8000000)
  from space 16384K, 0% used [0x00000000f8000000,0x00000000f8000000,0x00000000f9000000)
  to   space 30720K, 0% used [0x00000000fa000000,0x00000000fa000000,0x00000000fbe00000)
 ParOldGen       total 349696K, used 349695K [0x00000000e0000000, 0x00000000f5580000, 0x00000000f5580000)
  object space 349696K, 99% used [0x00000000e0000000,0x00000000f557ff18,0x00000000f5580000)
 Metaspace       used 61177K, committed 62208K, reserved 1105920K
  class space    used 5986K, committed 6464K, reserved 1048576K
}
Event: 801.034 GC heap after
{Heap after GC invocations=581 (full 489):
 PSYoungGen      total 74240K, used 43519K [0x00000000f5580000, 0x00000000fbe00000, 0x0000000100000000)
  eden space 43520K, 99% used [0x00000000f5580000,0x00000000f7fffff8,0x00000000f8000000)
  from space 30720K, 0% used [0x00000000fa000000,0x00000000fa000000,0x00000000fbe00000)
  to   space 16384K, 0% used [0x00000000f8000000,0x00000000f8000000,0x00000000f9000000)
 ParOldGen       total 349696K, used 349695K [0x00000000e0000000, 0x00000000f5580000, 0x00000000f5580000)
  object space 349696K, 99% used [0x00000000e0000000,0x00000000f557ff18,0x00000000f5580000)
 Metaspace       used 61177K, committed 62208K, reserved 1105920K
  class space    used 5986K, committed 6464K, reserved 1048576K
}
Event: 801.035 GC heap before
{Heap before GC invocations=582 (full 490):
 PSYoungGen      total 74240K, used 43519K [0x00000000f5580000, 0x00000000fbe00000, 0x0000000100000000)
  eden space 43520K, 99% used [0x00000000f5580000,0x00000000f7fffff8,0x00000000f8000000)
  from space 30720K, 0% used [0x00000000fa000000,0x00000000fa000000,0x00000000fbe00000)
  to   space 16384K, 0% used [0x00000000f8000000,0x00000000f8000000,0x00000000f9000000)
 ParOldGen       total 349696K, used 349695K [0x00000000e0000000, 0x00000000f5580000, 0x00000000f5580000)
  object space 349696K, 99% used [0x00000000e0000000,0x00000000f557fff8,0x00000000f5580000)
 Metaspace       used 61177K, committed 62208K, reserved 1105920K
  class space    used 5986K, committed 6464K, reserved 1048576K
}
Event: 802.557 GC heap after
{Heap after GC invocations=582 (full 490):
 PSYoungGen      total 59904K, used 43519K [0x00000000f5580000, 0x00000000fbe00000, 0x0000000100000000)
  eden space 43520K, 99% used [0x00000000f5580000,0x00000000f7fffff8,0x00000000f8000000)
  from space 16384K, 0% used [0x00000000f8000000,0x00000000f8000000,0x00000000f9000000)
  to   space 30720K, 0% used [0x00000000fa000000,0x00000000fa000000,0x00000000fbe00000)
 ParOldGen       total 349696K, used 349695K [0x00000000e0000000, 0x00000000f5580000, 0x00000000f5580000)
  object space 349696K, 99% used [0x00000000e0000000,0x00000000f557ff18,0x00000000f5580000)
 Metaspace       used 61177K, committed 62208K, reserved 1105920K
  class space    used 5986K, committed 6464K, reserved 1048576K
}
Event: 802.557 GC heap before
{Heap before GC invocations=583 (full 491):
 PSYoungGen      total 59904K, used 43519K [0x00000000f5580000, 0x00000000fbe00000, 0x0000000100000000)
  eden space 43520K, 99% used [0x00000000f5580000,0x00000000f7fffff8,0x00000000f8000000)
  from space 16384K, 0% used [0x00000000f8000000,0x00000000f8000000,0x00000000f9000000)
  to   space 30720K, 0% used [0x00000000fa000000,0x00000000fa000000,0x00000000fbe00000)
 ParOldGen       total 349696K, used 349695K [0x00000000e0000000, 0x00000000f5580000, 0x00000000f5580000)
  object space 349696K, 99% used [0x00000000e0000000,0x00000000f557fff8,0x00000000f5580000)
 Metaspace       used 61177K, committed 62208K, reserved 1105920K
  class space    used 5986K, committed 6464K, reserved 1048576K
}
Event: 804.167 GC heap after
{Heap after GC invocations=583 (full 491):
 PSYoungGen      total 74240K, used 43519K [0x00000000f5580000, 0x00000000fbe00000, 0x0000000100000000)
  eden space 43520K, 99% used [0x00000000f5580000,0x00000000f7fffff8,0x00000000f8000000)
  from space 30720K, 0% used [0x00000000fa000000,0x00000000fa000000,0x00000000fbe00000)
  to   space 16384K, 0% used [0x00000000f8000000,0x00000000f8000000,0x00000000f9000000)
 ParOldGen       total 349696K, used 349695K [0x00000000e0000000, 0x00000000f5580000, 0x00000000f5580000)
  object space 349696K, 99% used [0x00000000e0000000,0x00000000f557ff18,0x00000000f5580000)
 Metaspace       used 61177K, committed 62208K, reserved 1105920K
  class space    used 5986K, committed 6464K, reserved 1048576K
}
Event: 804.167 GC heap before
{Heap before GC invocations=584 (full 492):
 PSYoungGen      total 74240K, used 43519K [0x00000000f5580000, 0x00000000fbe00000, 0x0000000100000000)
  eden space 43520K, 99% used [0x00000000f5580000,0x00000000f7fffff8,0x00000000f8000000)
  from space 30720K, 0% used [0x00000000fa000000,0x00000000fa000000,0x00000000fbe00000)
  to   space 16384K, 0% used [0x00000000f8000000,0x00000000f8000000,0x00000000f9000000)
 ParOldGen       total 349696K, used 349695K [0x00000000e0000000, 0x00000000f5580000, 0x00000000f5580000)
  object space 349696K, 99% used [0x00000000e0000000,0x00000000f557ff38,0x00000000f5580000)
 Metaspace       used 61177K, committed 62208K, reserved 1105920K
  class space    used 5986K, committed 6464K, reserved 1048576K
}
Event: 805.539 GC heap after
{Heap after GC invocations=584 (full 492):
 PSYoungGen      total 59904K, used 43519K [0x00000000f5580000, 0x00000000fbe00000, 0x0000000100000000)
  eden space 43520K, 99% used [0x00000000f5580000,0x00000000f7fffff8,0x00000000f8000000)
  from space 16384K, 0% used [0x00000000f8000000,0x00000000f8000000,0x00000000f9000000)
  to   space 30720K, 0% used [0x00000000fa000000,0x00000000fa000000,0x00000000fbe00000)
 ParOldGen       total 349696K, used 349695K [0x00000000e0000000, 0x00000000f5580000, 0x00000000f5580000)
  object space 349696K, 99% used [0x00000000e0000000,0x00000000f557ff18,0x00000000f5580000)
 Metaspace       used 61177K, committed 62208K, reserved 1105920K
  class space    used 5986K, committed 6464K, reserved 1048576K
}
Event: 805.539 GC heap before
{Heap before GC invocations=585 (full 493):
 PSYoungGen      total 59904K, used 43519K [0x00000000f5580000, 0x00000000fbe00000, 0x0000000100000000)
  eden space 43520K, 99% used [0x00000000f5580000,0x00000000f7fffff8,0x00000000f8000000)
  from space 16384K, 0% used [0x00000000f8000000,0x00000000f8000000,0x00000000f9000000)
  to   space 30720K, 0% used [0x00000000fa000000,0x00000000fa000000,0x00000000fbe00000)
 ParOldGen       total 349696K, used 349695K [0x00000000e0000000, 0x00000000f5580000, 0x00000000f5580000)
  object space 349696K, 99% used [0x00000000e0000000,0x00000000f557ff18,0x00000000f5580000)
 Metaspace       used 61177K, committed 62208K, reserved 1105920K
  class space    used 5986K, committed 6464K, reserved 1048576K
}
Event: 807.066 GC heap after
{Heap after GC invocations=585 (full 493):
 PSYoungGen      total 74240K, used 43519K [0x00000000f5580000, 0x00000000fbe00000, 0x0000000100000000)
  eden space 43520K, 99% used [0x00000000f5580000,0x00000000f7fffff8,0x00000000f8000000)
  from space 30720K, 0% used [0x00000000fa000000,0x00000000fa000000,0x00000000fbe00000)
  to   space 16384K, 0% used [0x00000000f8000000,0x00000000f8000000,0x00000000f9000000)
 ParOldGen       total 349696K, used 349695K [0x00000000e0000000, 0x00000000f5580000, 0x00000000f5580000)
  object space 349696K, 99% used [0x00000000e0000000,0x00000000f557ff18,0x00000000f5580000)
 Metaspace       used 61177K, committed 62208K, reserved 1105920K
  class space    used 5986K, committed 6464K, reserved 1048576K
}

