# JRE version: OpenJDK Runtime Environment GraalVM CE 22.3.0 (17.0.5+8) (build 17.0.5+8-jvmci-22.3-b08)
# Java VM: OpenJDK 64-Bit Server VM GraalVM CE 22.3.0 (17.0.5+8-jvmci-22.3-b08, mixed mode, sharing, tiered, jvmci, jvmci compiler, compressed oops, compressed class ptrs, parallel gc, linux-amd64)
GC Precious Log:
 CPUs: 8 total, 1 available
 Memory: 1024M
 Large Page Support: Disabled
 NUMA Support: Disabled
 Compressed Oops: Enabled (32-bit)
 Alignments: Space 512K, Generation 512K, Heap 2M
 Heap Min Capacity: 100M
 Heap Initial Capacity: 100M
 Heap Max Capacity: 512M
 Pre-touch: Disabled
 Parallel Workers: 1
Heap:
 PSYoungGen      total 47616K, used 30719K [0x00000000f5580000, 0x00000000f8f80000, 0x0000000100000000)
  eden space 30720K, 99% used [0x00000000f5580000,0x00000000f737fff8,0x00000000f7380000)
  from space 16896K, 0% used [0x00000000f7380000,0x00000000f7380000,0x00000000f8400000)
  to   space 11776K, 0% used [0x00000000f8400000,0x00000000f8400000,0x00000000f8f80000)
 ParOldGen       total 349696K, used 349693K [0x00000000e0000000, 0x00000000f5580000, 0x00000000f5580000)
  object space 349696K, 99% used [0x00000000e0000000,0x00000000f557f750,0x00000000f5580000)
 Metaspace       used 59943K, committed 60864K, reserved 1105920K
  class space    used 5968K, committed 6400K, reserved 1048576K
GC Heap History (20 events):
Event: 1198.711 GC heap before
{Heap before GC invocations=1037 (full 894):
 PSYoungGen      total 47616K, used 30720K [0x00000000f5580000, 0x00000000f8f80000, 0x0000000100000000)
  eden space 30720K, 100% used [0x00000000f5580000,0x00000000f7380000,0x00000000f7380000)
  from space 16896K, 0% used [0x00000000f7380000,0x00000000f7380000,0x00000000f8400000)
  to   space 11776K, 0% used [0x00000000f8400000,0x00000000f8400000,0x00000000f8f80000)
 ParOldGen       total 349696K, used 349695K [0x00000000e0000000, 0x00000000f5580000, 0x00000000f5580000)
  object space 349696K, 99% used [0x00000000e0000000,0x00000000f557ff48,0x00000000f5580000)
 Metaspace       used 59943K, committed 60864K, reserved 1105920K
  class space    used 5968K, committed 6400K, reserved 1048576K
}
Event: 1199.897 GC heap after
{Heap after GC invocations=1037 (full 894):
 PSYoungGen      total 42496K, used 30719K [0x00000000f5580000, 0x00000000f8f80000, 0x0000000100000000)
  eden space 30720K, 99% used [0x00000000f5580000,0x00000000f737ffc8,0x00000000f7380000)
  from space 11776K, 0% used [0x00000000f8400000,0x00000000f8400000,0x00000000f8f80000)
  to   space 16896K, 0% used [0x00000000f7380000,0x00000000f7380000,0x00000000f8400000)
 ParOldGen       total 349696K, used 349691K [0x00000000e0000000, 0x00000000f5580000, 0x00000000f5580000)
  object space 349696K, 99% used [0x00000000e0000000,0x00000000f557ed00,0x00000000f5580000)
 Metaspace       used 59943K, committed 60864K, reserved 1105920K
  class space    used 5968K, committed 6400K, reserved 1048576K
}
Event: 1199.900 GC heap before
{Heap before GC invocations=1038 (full 895):
 PSYoungGen      total 42496K, used 30720K [0x00000000f5580000, 0x00000000f8f80000, 0x0000000100000000)
  eden space 30720K, 100% used [0x00000000f5580000,0x00000000f7380000,0x00000000f7380000)
  from space 11776K, 0% used [0x00000000f8400000,0x00000000f8400000,0x00000000f8f80000)
  to   space 16896K, 0% used [0x00000000f7380000,0x00000000f7380000,0x00000000f8400000)
 ParOldGen       total 349696K, used 349694K [0x00000000e0000000, 0x00000000f5580000, 0x00000000f5580000)
  object space 349696K, 99% used [0x00000000e0000000,0x00000000f557f808,0x00000000f5580000)
 Metaspace       used 59943K, committed 60864K, reserved 1105920K
  class space    used 5968K, committed 6400K, reserved 1048576K
}
Event: 1201.016 GC heap after
{Heap after GC invocations=1038 (full 895):
 PSYoungGen      total 47616K, used 30719K [0x00000000f5580000, 0x00000000f8f80000, 0x0000000100000000)
  eden space 30720K, 99% used [0x00000000f5580000,0x00000000f737ffb0,0x00000000f7380000)
  from space 16896K, 0% used [0x00000000f7380000,0x00000000f7380000,0x00000000f8400000)
  to   space 11776K, 0% used [0x00000000f8400000,0x00000000f8400000,0x00000000f8f80000)
 ParOldGen       total 349696K, used 349690K [0x00000000e0000000, 0x00000000f5580000, 0x00000000f5580000)
  object space 349696K, 99% used [0x00000000e0000000,0x00000000f557e938,0x00000000f5580000)
 Metaspace       used 59943K, committed 60864K, reserved 1105920K
  class space    used 5968K, committed 6400K, reserved 1048576K
}
Event: 1201.016 GC heap before
{Heap before GC invocations=1039 (full 896):
 PSYoungGen      total 47616K, used 30720K [0x00000000f5580000, 0x00000000f8f80000, 0x0000000100000000)
  eden space 30720K, 100% used [0x00000000f5580000,0x00000000f7380000,0x00000000f7380000)
  from space 16896K, 0% used [0x00000000f7380000,0x00000000f7380000,0x00000000f8400000)
  to   space 11776K, 0% used [0x00000000f8400000,0x00000000f8400000,0x00000000f8f80000)
 ParOldGen       total 349696K, used 349690K [0x00000000e0000000, 0x00000000f5580000, 0x00000000f5580000)
  object space 349696K, 99% used [0x00000000e0000000,0x00000000f557e938,0x00000000f5580000)
 Metaspace       used 59943K, committed 60864K, reserved 1105920K
  class space    used 5968K, committed 6400K, reserved 1048576K
}
Event: 1202.206 GC heap after
{Heap after GC invocations=1039 (full 896):
 PSYoungGen      total 42496K, used 30719K [0x00000000f5580000, 0x00000000f8f80000, 0x0000000100000000)
  eden space 30720K, 99% used [0x00000000f5580000,0x00000000f737ffd0,0x00000000f7380000)
  from space 11776K, 0% used [0x00000000f8400000,0x00000000f8400000,0x00000000f8f80000)
  to   space 16896K, 0% used [0x00000000f7380000,0x00000000f7380000,0x00000000f8400000)
 ParOldGen       total 349696K, used 349690K [0x00000000e0000000, 0x00000000f5580000, 0x00000000f5580000)
  object space 349696K, 99% used [0x00000000e0000000,0x00000000f557e938,0x00000000f5580000)
 Metaspace       used 59943K, committed 60864K, reserved 1105920K
  class space    used 5968K, committed 6400K, reserved 1048576K
}
Event: 1202.207 GC heap before
{Heap before GC invocations=1040 (full 897):
 PSYoungGen      total 42496K, used 30720K [0x00000000f5580000, 0x00000000f8f80000, 0x0000000100000000)
  eden space 30720K, 100% used [0x00000000f5580000,0x00000000f7380000,0x00000000f7380000)
  from space 11776K, 0% used [0x00000000f8400000,0x00000000f8400000,0x00000000f8f80000)
  to   space 16896K, 0% used [0x00000000f7380000,0x00000000f7380000,0x00000000f8400000)
 ParOldGen       total 349696K, used 349690K [0x00000000e0000000, 0x00000000f5580000, 0x00000000f5580000)
  object space 349696K, 99% used [0x00000000e0000000,0x00000000f557e938,0x00000000f5580000)
 Metaspace       used 59943K, committed 60864K, reserved 1105920K
  class space    used 5968K, committed 6400K, reserved 1048576K
}
Event: 1203.436 GC heap after
{Heap after GC invocations=1040 (full 897):
 PSYoungGen      total 47616K, used 30719K [0x00000000f5580000, 0x00000000f8f80000, 0x0000000100000000)
  eden space 30720K, 99% used [0x00000000f5580000,0x00000000f737ffd0,0x00000000f7380000)
  from space 16896K, 0% used [0x00000000f7380000,0x00000000f7380000,0x00000000f8400000)
  to   space 11776K, 0% used [0x00000000f8400000,0x00000000f8400000,0x00000000f8f80000)
 ParOldGen       total 349696K, used 349690K [0x00000000e0000000, 0x00000000f5580000, 0x00000000f5580000)
  object space 349696K, 99% used [0x00000000e0000000,0x00000000f557e938,0x00000000f5580000)
 Metaspace       used 59943K, committed 60864K, reserved 1105920K
  class space    used 5968K, committed 6400K, reserved 1048576K
}
Event: 1203.437 GC heap before
{Heap before GC invocations=1041 (full 898):
 PSYoungGen      total 47616K, used 30719K [0x00000000f5580000, 0x00000000f8f80000, 0x0000000100000000)
  eden space 30720K, 99% used [0x00000000f5580000,0x00000000f737fff0,0x00000000f7380000)
  from space 16896K, 0% used [0x00000000f7380000,0x00000000f7380000,0x00000000f8400000)
  to   space 11776K, 0% used [0x00000000f8400000,0x00000000f8400000,0x00000000f8f80000)
 ParOldGen       total 349696K, used 349690K [0x00000000e0000000, 0x00000000f5580000, 0x00000000f5580000)
  object space 349696K, 99% used [0x00000000e0000000,0x00000000f557e938,0x00000000f5580000)
 Metaspace       used 59943K, committed 60864K, reserved 1105920K
  class space    used 5968K, committed 6400K, reserved 1048576K
}
Event: 1204.645 GC heap after
{Heap after GC invocations=1041 (full 898):
 PSYoungGen      total 42496K, used 30719K [0x00000000f5580000, 0x00000000f8f80000, 0x0000000100000000)
  eden space 30720K, 99% used [0x00000000f5580000,0x00000000f737ffd0,0x00000000f7380000)
  from space 11776K, 0% used [0x00000000f8400000,0x00000000f8400000,0x00000000f8f80000)
  to   space 16896K, 0% used [0x00000000f7380000,0x00000000f7380000,0x00000000f8400000)
 ParOldGen       total 349696K, used 349690K [0x00000000e0000000, 0x00000000f5580000, 0x00000000f5580000)
  object space 349696K, 99% used [0x00000000e0000000,0x00000000f557e938,0x00000000f5580000)
 Metaspace       used 59943K, committed 60864K, reserved 1105920K
  class space    used 5968K, committed 6400K, reserved 1048576K
}
Event: 1204.646 GC heap before
{Heap before GC invocations=1042 (full 899):
 PSYoungGen      total 42496K, used 30719K [0x00000000f5580000, 0x00000000f8f80000, 0x0000000100000000)
  eden space 30720K, 99% used [0x00000000f5580000,0x00000000f737fff0,0x00000000f7380000)
  from space 11776K, 0% used [0x00000000f8400000,0x00000000f8400000,0x00000000f8f80000)
  to   space 16896K, 0% used [0x00000000f7380000,0x00000000f7380000,0x00000000f8400000)
 ParOldGen       total 349696K, used 349690K [0x00000000e0000000, 0x00000000f5580000, 0x00000000f5580000)
  object space 349696K, 99% used [0x00000000e0000000,0x00000000f557e938,0x00000000f5580000)
 Metaspace       used 59943K, committed 60864K, reserved 1105920K
  class space    used 5968K, committed 6400K, reserved 1048576K
}
Event: 1205.710 GC heap after
{Heap after GC invocations=1042 (full 899):
 PSYoungGen      total 47616K, used 30719K [0x00000000f5580000, 0x00000000f8f80000, 0x0000000100000000)
  eden space 30720K, 99% used [0x00000000f5580000,0x00000000f737fff0,0x00000000f7380000)
  from space 16896K, 0% used [0x00000000f7380000,0x00000000f7380000,0x00000000f8400000)
  to   space 11776K, 0% used [0x00000000f8400000,0x00000000f8400000,0x00000000f8f80000)
 ParOldGen       total 349696K, used 349690K [0x00000000e0000000, 0x00000000f5580000, 0x00000000f5580000)
  object space 349696K, 99% used [0x00000000e0000000,0x00000000f557e938,0x00000000f5580000)
 Metaspace       used 59943K, committed 60864K, reserved 1105920K
  class space    used 5968K, committed 6400K, reserved 1048576K
}
Event: 1205.712 GC heap before
{Heap before GC invocations=1043 (full 900):
 PSYoungGen      total 47616K, used 30720K [0x00000000f5580000, 0x00000000f8f80000, 0x0000000100000000)
  eden space 30720K, 100% used [0x00000000f5580000,0x00000000f7380000,0x00000000f7380000)
  from space 16896K, 0% used [0x00000000f7380000,0x00000000f7380000,0x00000000f8400000)
  to   space 11776K, 0% used [0x00000000f8400000,0x00000000f8400000,0x00000000f8f80000)
 ParOldGen       total 349696K, used 349695K [0x00000000e0000000, 0x00000000f5580000, 0x00000000f5580000)
  object space 349696K, 99% used [0x00000000e0000000,0x00000000f557ff18,0x00000000f5580000)
 Metaspace       used 59943K, committed 60864K, reserved 1105920K
  class space    used 5968K, committed 6400K, reserved 1048576K
}
Event: 1206.922 GC heap after
{Heap after GC invocations=1043 (full 900):
 PSYoungGen      total 42496K, used 30719K [0x00000000f5580000, 0x00000000f8f80000, 0x0000000100000000)
  eden space 30720K, 99% used [0x00000000f5580000,0x00000000f737fc80,0x00000000f7380000)
  from space 11776K, 0% used [0x00000000f8400000,0x00000000f8400000,0x00000000f8f80000)
  to   space 16896K, 0% used [0x00000000f7380000,0x00000000f7380000,0x00000000f8400000)
 ParOldGen       total 349696K, used 349694K [0x00000000e0000000, 0x00000000f5580000, 0x00000000f5580000)
  object space 349696K, 99% used [0x00000000e0000000,0x00000000f557fa18,0x00000000f5580000)
 Metaspace       used 59943K, committed 60864K, reserved 1105920K
  class space    used 5968K, committed 6400K, reserved 1048576K
}
Event: 1206.922 GC heap before
{Heap before GC invocations=1044 (full 901):
 PSYoungGen      total 42496K, used 30719K [0x00000000f5580000, 0x00000000f8f80000, 0x0000000100000000)
  eden space 30720K, 99% used [0x00000000f5580000,0x00000000f737fc80,0x00000000f7380000)
  from space 11776K, 0% used [0x00000000f8400000,0x00000000f8400000,0x00000000f8f80000)
  to   space 16896K, 0% used [0x00000000f7380000,0x00000000f7380000,0x00000000f8400000)
 ParOldGen       total 349696K, used 349694K [0x00000000e0000000, 0x00000000f5580000, 0x00000000f5580000)
  object space 349696K, 99% used [0x00000000e0000000,0x00000000f557fa18,0x00000000f5580000)
 Metaspace       used 59943K, committed 60864K, reserved 1105920K
  class space    used 5968K, committed 6400K, reserved 1048576K
}
Event: 1208.222 GC heap after
{Heap after GC invocations=1044 (full 901):
 PSYoungGen      total 47616K, used 30719K [0x00000000f5580000, 0x00000000f8f80000, 0x0000000100000000)
  eden space 30720K, 99% used [0x00000000f5580000,0x00000000f737fc80,0x00000000f7380000)
  from space 16896K, 0% used [0x00000000f7380000,0x00000000f7380000,0x00000000f8400000)
  to   space 11776K, 0% used [0x00000000f8400000,0x00000000f8400000,0x00000000f8f80000)
 ParOldGen       total 349696K, used 349694K [0x00000000e0000000, 0x00000000f5580000, 0x00000000f5580000)
  object space 349696K, 99% used [0x00000000e0000000,0x00000000f557fa18,0x00000000f5580000)
 Metaspace       used 59943K, committed 60864K, reserved 1105920K
  class space    used 5968K, committed 6400K, reserved 1048576K
}
Event: 1208.223 GC heap before
{Heap before GC invocations=1045 (full 902):
 PSYoungGen      total 47616K, used 30720K [0x00000000f5580000, 0x00000000f8f80000, 0x0000000100000000)
  eden space 30720K, 100% used [0x00000000f5580000,0x00000000f7380000,0x00000000f7380000)
  from space 16896K, 0% used [0x00000000f7380000,0x00000000f7380000,0x00000000f8400000)
  to   space 11776K, 0% used [0x00000000f8400000,0x00000000f8400000,0x00000000f8f80000)
 ParOldGen       total 349696K, used 349695K [0x00000000e0000000, 0x00000000f5580000, 0x00000000f5580000)
  object space 349696K, 99% used [0x00000000e0000000,0x00000000f557fef8,0x00000000f5580000)
 Metaspace       used 59943K, committed 60864K, reserved 1105920K
  class space    used 5968K, committed 6400K, reserved 1048576K
}
Event: 1209.560 GC heap after
{Heap after GC invocations=1045 (full 902):
 PSYoungGen      total 42496K, used 30719K [0x00000000f5580000, 0x00000000f8f80000, 0x0000000100000000)
  eden space 30720K, 99% used [0x00000000f5580000,0x00000000f737fe78,0x00000000f7380000)
  from space 11776K, 0% used [0x00000000f8400000,0x00000000f8400000,0x00000000f8f80000)
  to   space 16896K, 0% used [0x00000000f7380000,0x00000000f7380000,0x00000000f8400000)
 ParOldGen       total 349696K, used 349693K [0x00000000e0000000, 0x00000000f5580000, 0x00000000f5580000)
  object space 349696K, 99% used [0x00000000e0000000,0x00000000f557f750,0x00000000f5580000)
 Metaspace       used 59943K, committed 60864K, reserved 1105920K
  class space    used 5968K, committed 6400K, reserved 1048576K
}
Event: 1209.560 GC heap before
{Heap before GC invocations=1046 (full 903):
 PSYoungGen      total 42496K, used 30719K [0x00000000f5580000, 0x00000000f8f80000, 0x0000000100000000)
  eden space 30720K, 99% used [0x00000000f5580000,0x00000000f737fe78,0x00000000f7380000)
  from space 11776K, 0% used [0x00000000f8400000,0x00000000f8400000,0x00000000f8f80000)
  to   space 16896K, 0% used [0x00000000f7380000,0x00000000f7380000,0x00000000f8400000)
 ParOldGen       total 349696K, used 349693K [0x00000000e0000000, 0x00000000f5580000, 0x00000000f5580000)
  object space 349696K, 99% used [0x00000000e0000000,0x00000000f557f750,0x00000000f5580000)
 Metaspace       used 59943K, committed 60864K, reserved 1105920K
  class space    used 5968K, committed 6400K, reserved 1048576K
}
Event: 1211.045 GC heap after
{Heap after GC invocations=1046 (full 903):
 PSYoungGen      total 47616K, used 30719K [0x00000000f5580000, 0x00000000f8f80000, 0x0000000100000000)
  eden space 30720K, 99% used [0x00000000f5580000,0x00000000f737fe78,0x00000000f7380000)
  from space 16896K, 0% used [0x00000000f7380000,0x00000000f7380000,0x00000000f8400000)
  to   space 11776K, 0% used [0x00000000f8400000,0x00000000f8400000,0x00000000f8f80000)
 ParOldGen       total 349696K, used 349693K [0x00000000e0000000, 0x00000000f5580000, 0x00000000f5580000)
  object space 349696K, 99% used [0x00000000e0000000,0x00000000f557f750,0x00000000f5580000)
 Metaspace       used 59943K, committed 60864K, reserved 1105920K
  class space    used 5968K, committed 6400K, reserved 1048576K
}

