# JRE version: OpenJDK Runtime Environment GraalVM CE 22.3.0 (17.0.5+8) (build 17.0.5+8-jvmci-22.3-b08)
# Java VM: OpenJDK 64-Bit Server VM GraalVM CE 22.3.0 (17.0.5+8-jvmci-22.3-b08, mixed mode, sharing, tiered, jvmci, jvmci compiler, compressed oops, compressed class ptrs, parallel gc, linux-amd64)
GC Precious Log:
 CPUs: 8 total, 1 available
 Memory: 1024M
 Large Page Support: Disabled
 NUMA Support: Disabled
 Compressed Oops: Enabled (32-bit)
 Alignments: Space 512K, Generation 512K, Heap 2M
 Heap Min Capacity: 100M
 Heap Initial Capacity: 100M
 Heap Max Capacity: 512M
 Pre-touch: Disabled
 Parallel Workers: 1
Heap:
 PSYoungGen      total 44032K, used 31232K [0x00000000f5580000, 0x00000000f8e80000, 0x0000000100000000)
  eden space 31232K, 100% used [0x00000000f5580000,0x00000000f7400000,0x00000000f7400000)
  from space 12800K, 0% used [0x00000000f8000000,0x00000000f8000000,0x00000000f8c80000)
  to   space 12288K, 0% used [0x00000000f7400000,0x00000000f7400000,0x00000000f8000000)
 ParOldGen       total 349696K, used 349696K [0x00000000e0000000, 0x00000000f5580000, 0x00000000f5580000)
  object space 349696K, 100% used [0x00000000e0000000,0x00000000f5580000,0x00000000f5580000)
 Metaspace       used 52578K, committed 53376K, reserved 1097728K
  class space    used 5185K, committed 5568K, reserved 1048576K
GC Heap History (20 events):
Event: 1376.988 GC heap before
{Heap before GC invocations=926 (full 805):
 PSYoungGen      total 44032K, used 31232K [0x00000000f5580000, 0x00000000f8e80000, 0x0000000100000000)
  eden space 31232K, 100% used [0x00000000f5580000,0x00000000f7400000,0x00000000f7400000)
  from space 12800K, 0% used [0x00000000f8000000,0x00000000f8000000,0x00000000f8c80000)
  to   space 12288K, 0% used [0x00000000f7400000,0x00000000f7400000,0x00000000f8000000)
 ParOldGen       total 349696K, used 349692K [0x00000000e0000000, 0x00000000f5580000, 0x00000000f5580000)
  object space 349696K, 99% used [0x00000000e0000000,0x00000000f557f0a0,0x00000000f5580000)
 Metaspace       used 52575K, committed 53376K, reserved 1097728K
  class space    used 5184K, committed 5568K, reserved 1048576K
}
Event: 1378.554 GC heap after
{Heap after GC invocations=926 (full 805):
 PSYoungGen      total 43520K, used 31231K [0x00000000f5580000, 0x00000000f8e80000, 0x0000000100000000)
  eden space 31232K, 99% used [0x00000000f5580000,0x00000000f73fffc8,0x00000000f7400000)
  from space 12288K, 0% used [0x00000000f7400000,0x00000000f7400000,0x00000000f8000000)
  to   space 12800K, 0% used [0x00000000f8000000,0x00000000f8000000,0x00000000f8c80000)
 ParOldGen       total 349696K, used 349692K [0x00000000e0000000, 0x00000000f5580000, 0x00000000f5580000)
  object space 349696K, 99% used [0x00000000e0000000,0x00000000f557f0a0,0x00000000f5580000)
 Metaspace       used 52575K, committed 53376K, reserved 1097728K
  class space    used 5184K, committed 5568K, reserved 1048576K
}
Event: 1378.554 GC heap before
{Heap before GC invocations=927 (full 806):
 PSYoungGen      total 43520K, used 31231K [0x00000000f5580000, 0x00000000f8e80000, 0x0000000100000000)
  eden space 31232K, 99% used [0x00000000f5580000,0x00000000f73ffff8,0x00000000f7400000)
  from space 12288K, 0% used [0x00000000f7400000,0x00000000f7400000,0x00000000f8000000)
  to   space 12800K, 0% used [0x00000000f8000000,0x00000000f8000000,0x00000000f8c80000)
 ParOldGen       total 349696K, used 349692K [0x00000000e0000000, 0x00000000f5580000, 0x00000000f5580000)
  object space 349696K, 99% used [0x00000000e0000000,0x00000000f557f0a0,0x00000000f5580000)
 Metaspace       used 52575K, committed 53376K, reserved 1097728K
  class space    used 5184K, committed 5568K, reserved 1048576K
}
Event: 1379.984 GC heap after
{Heap after GC invocations=927 (full 806):
 PSYoungGen      total 44032K, used 31231K [0x00000000f5580000, 0x00000000f8e80000, 0x0000000100000000)
  eden space 31232K, 99% used [0x00000000f5580000,0x00000000f73fffe0,0x00000000f7400000)
  from space 12800K, 0% used [0x00000000f8000000,0x00000000f8000000,0x00000000f8c80000)
  to   space 12288K, 0% used [0x00000000f7400000,0x00000000f7400000,0x00000000f8000000)
 ParOldGen       total 349696K, used 349692K [0x00000000e0000000, 0x00000000f5580000, 0x00000000f5580000)
  object space 349696K, 99% used [0x00000000e0000000,0x00000000f557f080,0x00000000f5580000)
 Metaspace       used 52575K, committed 53376K, reserved 1097728K
  class space    used 5184K, committed 5568K, reserved 1048576K
}
Event: 1379.984 GC heap before
{Heap before GC invocations=928 (full 807):
 PSYoungGen      total 44032K, used 31231K [0x00000000f5580000, 0x00000000f8e80000, 0x0000000100000000)
  eden space 31232K, 99% used [0x00000000f5580000,0x00000000f73ffff8,0x00000000f7400000)
  from space 12800K, 0% used [0x00000000f8000000,0x00000000f8000000,0x00000000f8c80000)
  to   space 12288K, 0% used [0x00000000f7400000,0x00000000f7400000,0x00000000f8000000)
 ParOldGen       total 349696K, used 349692K [0x00000000e0000000, 0x00000000f5580000, 0x00000000f5580000)
  object space 349696K, 99% used [0x00000000e0000000,0x00000000f557f080,0x00000000f5580000)
 Metaspace       used 52575K, committed 53376K, reserved 1097728K
  class space    used 5184K, committed 5568K, reserved 1048576K
}
Event: 1381.589 GC heap after
{Heap after GC invocations=928 (full 807):
 PSYoungGen      total 43520K, used 31231K [0x00000000f5580000, 0x00000000f8e80000, 0x0000000100000000)
  eden space 31232K, 99% used [0x00000000f5580000,0x00000000f73fffd8,0x00000000f7400000)
  from space 12288K, 0% used [0x00000000f7400000,0x00000000f7400000,0x00000000f8000000)
  to   space 12800K, 0% used [0x00000000f8000000,0x00000000f8000000,0x00000000f8c80000)
 ParOldGen       total 349696K, used 349692K [0x00000000e0000000, 0x00000000f5580000, 0x00000000f5580000)
  object space 349696K, 99% used [0x00000000e0000000,0x00000000f557f080,0x00000000f5580000)
 Metaspace       used 52575K, committed 53376K, reserved 1097728K
  class space    used 5184K, committed 5568K, reserved 1048576K
}
Event: 1381.591 GC heap before
{Heap before GC invocations=929 (full 808):
 PSYoungGen      total 43520K, used 31231K [0x00000000f5580000, 0x00000000f8e80000, 0x0000000100000000)
  eden space 31232K, 99% used [0x00000000f5580000,0x00000000f73ffff0,0x00000000f7400000)
  from space 12288K, 0% used [0x00000000f7400000,0x00000000f7400000,0x00000000f8000000)
  to   space 12800K, 0% used [0x00000000f8000000,0x00000000f8000000,0x00000000f8c80000)
 ParOldGen       total 349696K, used 349694K [0x00000000e0000000, 0x00000000f5580000, 0x00000000f5580000)
  object space 349696K, 99% used [0x00000000e0000000,0x00000000f557f848,0x00000000f5580000)
 Metaspace       used 52575K, committed 53376K, reserved 1097728K
  class space    used 5184K, committed 5568K, reserved 1048576K
}
Event: 1383.224 GC heap after
{Heap after GC invocations=929 (full 808):
 PSYoungGen      total 44032K, used 31231K [0x00000000f5580000, 0x00000000f8e80000, 0x0000000100000000)
  eden space 31232K, 99% used [0x00000000f5580000,0x00000000f73ffe28,0x00000000f7400000)
  from space 12800K, 0% used [0x00000000f8000000,0x00000000f8000000,0x00000000f8c80000)
  to   space 12288K, 0% used [0x00000000f7400000,0x00000000f7400000,0x00000000f8000000)
 ParOldGen       total 349696K, used 349694K [0x00000000e0000000, 0x00000000f5580000, 0x00000000f5580000)
  object space 349696K, 99% used [0x00000000e0000000,0x00000000f557f848,0x00000000f5580000)
 Metaspace       used 52575K, committed 53376K, reserved 1097728K
  class space    used 5184K, committed 5568K, reserved 1048576K
}
Event: 1383.224 GC heap before
{Heap before GC invocations=930 (full 809):
 PSYoungGen      total 44032K, used 31231K [0x00000000f5580000, 0x00000000f8e80000, 0x0000000100000000)
  eden space 31232K, 99% used [0x00000000f5580000,0x00000000f73fffe8,0x00000000f7400000)
  from space 12800K, 0% used [0x00000000f8000000,0x00000000f8000000,0x00000000f8c80000)
  to   space 12288K, 0% used [0x00000000f7400000,0x00000000f7400000,0x00000000f8000000)
 ParOldGen       total 349696K, used 349694K [0x00000000e0000000, 0x00000000f5580000, 0x00000000f5580000)
  object space 349696K, 99% used [0x00000000e0000000,0x00000000f557f848,0x00000000f5580000)
 Metaspace       used 52575K, committed 53376K, reserved 1097728K
  class space    used 5184K, committed 5568K, reserved 1048576K
}
Event: 1384.713 GC heap after
{Heap after GC invocations=930 (full 809):
 PSYoungGen      total 43520K, used 31231K [0x00000000f5580000, 0x00000000f8e80000, 0x0000000100000000)
  eden space 31232K, 99% used [0x00000000f5580000,0x00000000f73fff88,0x00000000f7400000)
  from space 12288K, 0% used [0x00000000f7400000,0x00000000f7400000,0x00000000f8000000)
  to   space 12800K, 0% used [0x00000000f8000000,0x00000000f8000000,0x00000000f8c80000)
 ParOldGen       total 349696K, used 349694K [0x00000000e0000000, 0x00000000f5580000, 0x00000000f5580000)
  object space 349696K, 99% used [0x00000000e0000000,0x00000000f557f848,0x00000000f5580000)
 Metaspace       used 52575K, committed 53376K, reserved 1097728K
  class space    used 5184K, committed 5568K, reserved 1048576K
}
Event: 1384.713 GC heap before
{Heap before GC invocations=931 (full 810):
 PSYoungGen      total 43520K, used 31231K [0x00000000f5580000, 0x00000000f8e80000, 0x0000000100000000)
  eden space 31232K, 99% used [0x00000000f5580000,0x00000000f73fffe8,0x00000000f7400000)
  from space 12288K, 0% used [0x00000000f7400000,0x00000000f7400000,0x00000000f8000000)
  to   space 12800K, 0% used [0x00000000f8000000,0x00000000f8000000,0x00000000f8c80000)
 ParOldGen       total 349696K, used 349694K [0x00000000e0000000, 0x00000000f5580000, 0x00000000f5580000)
  object space 349696K, 99% used [0x00000000e0000000,0x00000000f557f848,0x00000000f5580000)
 Metaspace       used 52575K, committed 53376K, reserved 1097728K
  class space    used 5184K, committed 5568K, reserved 1048576K
}
Event: 1386.182 GC heap after
{Heap after GC invocations=931 (full 810):
 PSYoungGen      total 44032K, used 31231K [0x00000000f5580000, 0x00000000f8e80000, 0x0000000100000000)
  eden space 31232K, 99% used [0x00000000f5580000,0x00000000f73fffd0,0x00000000f7400000)
  from space 12800K, 0% used [0x00000000f8000000,0x00000000f8000000,0x00000000f8c80000)
  to   space 12288K, 0% used [0x00000000f7400000,0x00000000f7400000,0x00000000f8000000)
 ParOldGen       total 349696K, used 349694K [0x00000000e0000000, 0x00000000f5580000, 0x00000000f5580000)
  object space 349696K, 99% used [0x00000000e0000000,0x00000000f557f848,0x00000000f5580000)
 Metaspace       used 52575K, committed 53376K, reserved 1097728K
  class space    used 5184K, committed 5568K, reserved 1048576K
}
Event: 1386.182 GC heap before
{Heap before GC invocations=932 (full 811):
 PSYoungGen      total 44032K, used 31232K [0x00000000f5580000, 0x00000000f8e80000, 0x0000000100000000)
  eden space 31232K, 100% used [0x00000000f5580000,0x00000000f7400000,0x00000000f7400000)
  from space 12800K, 0% used [0x00000000f8000000,0x00000000f8000000,0x00000000f8c80000)
  to   space 12288K, 0% used [0x00000000f7400000,0x00000000f7400000,0x00000000f8000000)
 ParOldGen       total 349696K, used 349694K [0x00000000e0000000, 0x00000000f5580000, 0x00000000f5580000)
  object space 349696K, 99% used [0x00000000e0000000,0x00000000f557f848,0x00000000f5580000)
 Metaspace       used 52575K, committed 53376K, reserved 1097728K
  class space    used 5184K, committed 5568K, reserved 1048576K
}
Event: 1387.788 GC heap after
{Heap after GC invocations=932 (full 811):
 PSYoungGen      total 43520K, used 31231K [0x00000000f5580000, 0x00000000f8e80000, 0x0000000100000000)
  eden space 31232K, 99% used [0x00000000f5580000,0x00000000f73fffe8,0x00000000f7400000)
  from space 12288K, 0% used [0x00000000f7400000,0x00000000f7400000,0x00000000f8000000)
  to   space 12800K, 0% used [0x00000000f8000000,0x00000000f8000000,0x00000000f8c80000)
 ParOldGen       total 349696K, used 349694K [0x00000000e0000000, 0x00000000f5580000, 0x00000000f5580000)
  object space 349696K, 99% used [0x00000000e0000000,0x00000000f557f848,0x00000000f5580000)
 Metaspace       used 52575K, committed 53376K, reserved 1097728K
  class space    used 5184K, committed 5568K, reserved 1048576K
}
Event: 1387.789 GC heap before
{Heap before GC invocations=933 (full 812):
 PSYoungGen      total 43520K, used 31232K [0x00000000f5580000, 0x00000000f8e80000, 0x0000000100000000)
  eden space 31232K, 100% used [0x00000000f5580000,0x00000000f7400000,0x00000000f7400000)
  from space 12288K, 0% used [0x00000000f7400000,0x00000000f7400000,0x00000000f8000000)
  to   space 12800K, 0% used [0x00000000f8000000,0x00000000f8000000,0x00000000f8c80000)
 ParOldGen       total 349696K, used 349694K [0x00000000e0000000, 0x00000000f5580000, 0x00000000f5580000)
  object space 349696K, 99% used [0x00000000e0000000,0x00000000f557f848,0x00000000f5580000)
 Metaspace       used 52575K, committed 53376K, reserved 1097728K
  class space    used 5184K, committed 5568K, reserved 1048576K
}
Event: 1389.313 GC heap after
{Heap after GC invocations=933 (full 812):
 PSYoungGen      total 44032K, used 31232K [0x00000000f5580000, 0x00000000f8e80000, 0x0000000100000000)
  eden space 31232K, 100% used [0x00000000f5580000,0x00000000f7400000,0x00000000f7400000)
  from space 12800K, 0% used [0x00000000f8000000,0x00000000f8000000,0x00000000f8c80000)
  to   space 12288K, 0% used [0x00000000f7400000,0x00000000f7400000,0x00000000f8000000)
 ParOldGen       total 349696K, used 349694K [0x00000000e0000000, 0x00000000f5580000, 0x00000000f5580000)
  object space 349696K, 99% used [0x00000000e0000000,0x00000000f557f848,0x00000000f5580000)
 Metaspace       used 52575K, committed 53376K, reserved 1097728K
  class space    used 5184K, committed 5568K, reserved 1048576K
}
Event: 1389.314 GC heap before
{Heap before GC invocations=934 (full 813):
 PSYoungGen      total 44032K, used 31232K [0x00000000f5580000, 0x00000000f8e80000, 0x0000000100000000)
  eden space 31232K, 100% used [0x00000000f5580000,0x00000000f7400000,0x00000000f7400000)
  from space 12800K, 0% used [0x00000000f8000000,0x00000000f8000000,0x00000000f8c80000)
  to   space 12288K, 0% used [0x00000000f7400000,0x00000000f7400000,0x00000000f8000000)
 ParOldGen       total 349696K, used 349694K [0x00000000e0000000, 0x00000000f5580000, 0x00000000f5580000)
  object space 349696K, 99% used [0x00000000e0000000,0x00000000f557f878,0x00000000f5580000)
 Metaspace       used 52575K, committed 53376K, reserved 1097728K
  class space    used 5184K, committed 5568K, reserved 1048576K
}
Event: 1390.904 GC heap after
{Heap after GC invocations=934 (full 813):
 PSYoungGen      total 43520K, used 31231K [0x00000000f5580000, 0x00000000f8e80000, 0x0000000100000000)
  eden space 31232K, 99% used [0x00000000f5580000,0x00000000f73fffe8,0x00000000f7400000)
  from space 12288K, 0% used [0x00000000f7400000,0x00000000f7400000,0x00000000f8000000)
  to   space 12800K, 0% used [0x00000000f8000000,0x00000000f8000000,0x00000000f8c80000)
 ParOldGen       total 349696K, used 349694K [0x00000000e0000000, 0x00000000f5580000, 0x00000000f5580000)
  object space 349696K, 99% used [0x00000000e0000000,0x00000000f557f878,0x00000000f5580000)
 Metaspace       used 52575K, committed 53376K, reserved 1097728K
  class space    used 5184K, committed 5568K, reserved 1048576K
}
Event: 1390.904 GC heap before
{Heap before GC invocations=935 (full 814):
 PSYoungGen      total 43520K, used 31231K [0x00000000f5580000, 0x00000000f8e80000, 0x0000000100000000)
  eden space 31232K, 99% used [0x00000000f5580000,0x00000000f73fffe8,0x00000000f7400000)
  from space 12288K, 0% used [0x00000000f7400000,0x00000000f7400000,0x00000000f8000000)
  to   space 12800K, 0% used [0x00000000f8000000,0x00000000f8000000,0x00000000f8c80000)
 ParOldGen       total 349696K, used 349694K [0x00000000e0000000, 0x00000000f5580000, 0x00000000f5580000)
  object space 349696K, 99% used [0x00000000e0000000,0x00000000f557f878,0x00000000f5580000)
 Metaspace       used 52575K, committed 53376K, reserved 1097728K
  class space    used 5184K, committed 5568K, reserved 1048576K
}
Event: 1392.459 GC heap after
{Heap after GC invocations=935 (full 814):
 PSYoungGen      total 44032K, used 31231K [0x00000000f5580000, 0x00000000f8e80000, 0x0000000100000000)
  eden space 31232K, 99% used [0x00000000f5580000,0x00000000f73fffe8,0x00000000f7400000)
  from space 12800K, 0% used [0x00000000f8000000,0x00000000f8000000,0x00000000f8c80000)
  to   space 12288K, 0% used [0x00000000f7400000,0x00000000f7400000,0x00000000f8000000)
 ParOldGen       total 349696K, used 349694K [0x00000000e0000000, 0x00000000f5580000, 0x00000000f5580000)
  object space 349696K, 99% used [0x00000000e0000000,0x00000000f557f878,0x00000000f5580000)
 Metaspace       used 52575K, committed 53376K, reserved 1097728K
  class space    used 5184K, committed 5568K, reserved 1048576K
}

